#
# A fatal error has been detected by the Java Runtime Environment:
#
#  Internal Error (os_linux_zero.cpp:285), pid=7449, tid=1978885216
#  fatal error: caught unhandled signal 8
#
# JRE version: OpenJDK Runtime Environment (7.0_95) (build 1.7.0_95-b00)
# Java VM: OpenJDK Zero VM (24.95-b01 mixed mode linux-arm )
# Derivative: IcedTea 2.6.4
# Distribution: Raspbian GNU/Linux 8.0 (jessie), package 7u95-2.6.4-1~deb8u1+rpi1
# Failed to write core dump. Core dumps have been disabled. To enable core dumping, try "ulimit -c unlimited" before starting Java again
#
# If you would like to submit a bug report, please include
# instructions on how to reproduce the bug and visit:
#   http://icedtea.classpath.org/bugzilla
# The crash happened outside the Java Virtual Machine in native code.
# See problematic frame for where to report the bug.
#

---------------  T H R E A D  ---------------

Current thread (0x75c05a90):  JavaThread "main" [_thread_in_native, id=7454, stack(0x75d98000,0x75f37000)]

Stack: [0x75d98000,0x75f37000],  sp=0x75e69d6c,  free space=839k
Java frames:
 0x75f358b0: word[65]              = 0x75e6abd0
 0x75f358b4: word[64]              = 0x75e6abc4
 0x75f358b8: word[63]              = 0x75f35a00
 0x75f358bc: word[62]              = 0x75f359f8
 0x75f358c0: word[61]              = 0x75f359f0
 0x75f358c4: word[60]              = 0x75f359e8
 0x75f358c8: word[59]              = 0x75f359e0
 0x75f358cc: word[58]              = 0x75f359d8
 0x75f358d0: word[57]              = 0x75f359d0
 0x75f358d4: word[56]              = 0x75f359c8
 0x75f358d8: word[55]              = 0x75f359c0
 0x75f358dc: word[54]              = 0x75f359b8
 0x75f358e0: word[53]              = 0x00000002
 0x75f358e4: word[52]              = 0x0000000c
 0x75f358e8: word[51]              = 0x75f35910
 0x75f358ec: word[50]              = 0x76d49b40
 0x75f358f0: word[49]              = 0x00000058
 0x75f358f4: word[48]              = 0x00000000
 0x75f358f8: word[47]              = 0x0000ffff
 0x75f358fc: word[46]              = 0x00080010
 0x75f35900: word[45]              = 0x06040200
 0x75f35904: word[44]              = 0x0e0c0a08
 0x75f35908: word[43]              = 0xffffffff
 0x75f3590c: word[42]              = 0xffffffff
 0x75f35910: word[41]              = 0x76d49ad4
 0x75f35914: word[40]              = 0x76d49ad4
 0x75f35918: word[39]              = 0x76d49ae0
 0x75f3591c: word[38]              = 0x76d49abc
 0x75f35920: word[37]              = 0x76d49abc
 0x75f35924: word[36]              = 0x76d49abc
 0x75f35928: word[35]              = 0x76d49abc
 0x75f3592c: word[34]              = 0x76d49abc
 0x75f35930: word[33]              = 0x76d49abc
 0x75f35934: word[32]              = 0x76d49abc
 0x75f35938: word[31]              = 0x76d49abc
 0x75f3593c: word[30]              = 0x76d49ae0
 0x75f35940: word[29]              = 0x76d49b40
 0x75f35944: word[28]              = 0x52a943e8
 0x75f35948: word[27]              = 0x00000000
 0x75f3594c: word[26]              = 0x00000001
 0x75f35950: word[25]              = 0x52a397d0
 0x75f35954: word[24]              = 0x52a397d0
 0x75f35958: word[23]              = 0x5169911c
 0x75f3595c: word[22]              = 0x00000000
 0x75f35960: word[21]              = 0x75e6a95c
 0x75f35964: word[20]              = 0x00000001
 0x75f35968: word[19]              = 0x75f359b4
 0x75f3596c: istate->_thread       = 0x75c05a90
 0x75f35970: istate->_bcp          = 0x00000000
 0x75f35974: istate->_locals       = 0x75f35a04
 0x75f35978: istate->_constants    = 0x6fc00fb8
 0x75f3597c: istate->_method       = org.opencv.core.Core.inRange_0(JDDDDDDDDJ)V
 0x75f35980: istate->_mdx          = 0x00000000
 0x75f35984: istate->_stack        = 0x75f35968
 0x75f35988: istate->_msg          = 0x00000002
 0x75f3598c: istate->_result       = 0x00000000
 0x75f35990: (istate->_result)     = 0x75f3595c
 0x75f35994: (istate->_result)     = 0x75f35944
 0x75f35998: istate->_prev_link    = 0x00000000
 0x75f3599c: istate->_oop_temp     = 0x52a7a578
 0x75f359a0: istate->_stack_base   = 0x75f3596c
 0x75f359a4: istate->_stack_limit  = 0x75f35968
 0x75f359a8: istate->_monitor_base = 0x75f3596c
 0x75f359ac: istate->_self_link    = 0x75f3596c
 0x75f359b0: frame_type            = INTERPRETER_FRAME
 0x75f359b4: next_frame            = 0x75f35a50

 0x75f359b8: local[19]             = 0x4e2868f8
 0x75f359bc: local[18]             = 0x00000000
 0x75f359c0: local[17]             = 0x00000000
 0x75f359c4: local[16]             = 0x00000000
 0x75f359c8: local[15]             = 0x00000000
 0x75f359cc: local[14]             = 0x406fe000
 0x75f359d0: local[13]             = 0x00000000
 0x75f359d4: local[12]             = 0x406fe000
 0x75f359d8: local[11]             = 0x00000000
 0x75f359dc: local[10]             = 0x406fe000
 0x75f359e0: local[9]              = 0x00000000
 0x75f359e4: local[8]              = 0x00000000
 0x75f359e8: local[7]              = 0x00000000
 0x75f359ec: local[6]              = 0x40614000
 0x75f359f0: local[5]              = 0x00000000
 0x75f359f4: local[4]              = 0x40612000
 0x75f359f8: local[3]              = 0x00000000
 0x75f359fc: local[2]              = 0x40638000
 0x75f35a00: local[1]              = 0x4e2866a8
 0x75f35a04: local[0]              = 0x00000000
 0x75f35a08: istate->_thread       = 0x75c05a90
 0x75f35a0c: istate->_bcp          = 0x6fbee0e0 (bci 56)
 0x75f35a10: istate->_locals       = 0x75f35a60
 0x75f35a14: istate->_constants    = 0x6fc00fb8
 0x75f35a18: istate->_method       = org.opencv.core.Core.inRange(Lorg/opencv/core/Mat;Lorg/opencv/core/Scalar;Lorg/opencv/core/Scalar;Lorg/opencv/core/Mat;)V
 0x75f35a1c: istate->_mdx          = 0x00000000
 0x75f35a20: istate->_stack        = 0x75f359b4
 0x75f35a24: istate->_msg          = 0x00000008
 0x75f35a28: istate->_result       = 0x6fbf48c0
 0x75f35a2c: (istate->_result)     = 0x73b8e17c
 0x75f35a30: (istate->_result)     = 0x00000003
 0x75f35a34: istate->_prev_link    = 0x00000000
 0x75f35a38: istate->_oop_temp     = 0x00000000
 0x75f35a3c: istate->_stack_base   = 0x75f35a08
 0x75f35a40: istate->_stack_limit  = 0x75f359ac
 0x75f35a44: istate->_monitor_base = 0x75f35a08
 0x75f35a48: istate->_self_link    = 0x75f35a08
 0x75f35a4c: frame_type            = INTERPRETER_FRAME
 0x75f35a50: next_frame            = 0x75f35aac

 0x75f35a54: local[3]              = 0x52aa3a30
 0x75f35a58: local[2]              = 0x52aa39f0
 0x75f35a5c: local[1]              = 0x52aa39b0
 0x75f35a60: local[0]              = 0x52aa0228
 0x75f35a64: istate->_thread       = 0x75c05a90
 0x75f35a68: istate->_bcp          = 0x6fbe62c6 (bci 14)
 0x75f35a6c: istate->_locals       = 0x75f35ac0
 0x75f35a70: istate->_constants    = 0x6fbe6610
 0x75f35a74: istate->_method       = server.Vision.RGBThresh(Lorg/opencv/core/Mat;Lorg/opencv/core/Scalar;Lorg/opencv/core/Scalar;)Lorg/opencv/core/Mat;
 0x75f35a78: istate->_mdx          = 0x00000000
 0x75f35a7c: istate->_stack        = 0x75f35a50
 0x75f35a80: istate->_msg          = 0x00000008
 0x75f35a84: istate->_result       = 0x6fbee120
 0x75f35a88: (istate->_result)     = 0x73b8e140
 0x75f35a8c: (istate->_result)     = 0x00000003
 0x75f35a90: istate->_prev_link    = 0x00000000
 0x75f35a94: istate->_oop_temp     = 0x00000000
 0x75f35a98: istate->_stack_base   = 0x75f35a64
 0x75f35a9c: istate->_stack_limit  = 0x75f35a48
 0x75f35aa0: istate->_monitor_base = 0x75f35a64
 0x75f35aa4: istate->_self_link    = 0x75f35a64
 0x75f35aa8: frame_type            = INTERPRETER_FRAME
 0x75f35aac: next_frame            = 0x75f35b0c

 0x75f35ab0: local[4]              = 0x52aa3a30
 0x75f35ab4: local[3]              = 0x52aa39f0
 0x75f35ab8: local[2]              = 0x52aa39b0
 0x75f35abc: local[1]              = 0x52aa0228
 0x75f35ac0: local[0]              = 0x52a54df0
 0x75f35ac4: istate->_thread       = 0x75c05a90
 0x75f35ac8: istate->_bcp          = 0x6fbe5f2e (bci 22)
 0x75f35acc: istate->_locals       = 0x75f35b28
 0x75f35ad0: istate->_constants    = 0x6fbe6610
 0x75f35ad4: istate->_method       = server.Vision.getBoulderCoord(Lorg/opencv/core/Mat;)[I
 0x75f35ad8: istate->_mdx          = 0x00000000
 0x75f35adc: istate->_stack        = 0x75f35ab0
 0x75f35ae0: istate->_msg          = 0x00000008
 0x75f35ae4: istate->_result       = 0x6fbe62d0
 0x75f35ae8: (istate->_result)     = 0x73b8e140
 0x75f35aec: (istate->_result)     = 0x00000003
 0x75f35af0: istate->_prev_link    = 0x00000000
 0x75f35af4: istate->_oop_temp     = 0x00000000
 0x75f35af8: istate->_stack_base   = 0x75f35ac4
 0x75f35afc: istate->_stack_limit  = 0x75f35a94
 0x75f35b00: istate->_monitor_base = 0x75f35ac4
 0x75f35b04: istate->_self_link    = 0x75f35ac4
 0x75f35b08: frame_type            = INTERPRETER_FRAME
 0x75f35b0c: next_frame            = 0x75f35b74

 0x75f35b10: local[6]              = 0x00000000
 0x75f35b14: local[5]              = 0x00000000
 0x75f35b18: local[4]              = 0x00000000
 0x75f35b1c: local[3]              = 0x00000000
 0x75f35b20: local[2]              = 0x00000000
 0x75f35b24: local[1]              = 0x52aa0228
 0x75f35b28: local[0]              = 0x52a54df0
 0x75f35b2c: istate->_thread       = 0x75c05a90
 0x75f35b30: istate->_bcp          = 0x6fbe4e5c (bci 44)
 0x75f35b34: istate->_locals       = 0x75f35b8c
 0x75f35b38: istate->_constants    = 0x6fbe5460
 0x75f35b3c: istate->_method       = server.PiMain.main([Ljava/lang/String;)V
 0x75f35b40: istate->_mdx          = 0x00000000
 0x75f35b44: istate->_stack        = 0x75f35b20
 0x75f35b48: istate->_msg          = 0x00000008
 0x75f35b4c: istate->_result       = 0x6fbe5f98
 0x75f35b50: (istate->_result)     = 0x73b8e140
 0x75f35b54: (istate->_result)     = 0x00000003
 0x75f35b58: istate->_prev_link    = 0x00000000
 0x75f35b5c: istate->_oop_temp     = 0x00000000
 0x75f35b60: istate->_stack_base   = 0x75f35b2c
 0x75f35b64: istate->_stack_limit  = 0x75f35b14
 0x75f35b68: istate->_monitor_base = 0x75f35b2c
 0x75f35b6c: istate->_self_link    = 0x75f35b2c
 0x75f35b70: frame_type            = INTERPRETER_FRAME
 0x75f35b74: next_frame            = 0x75f35b98

 0x75f35b78: local[5]              = 0x00000000
 0x75f35b7c: local[4]              = 0x52aa0228
 0x75f35b80: local[3]              = 0x52a9f918
 0x75f35b84: local[2]              = 0x52a96fe0
 0x75f35b88: local[1]              = 0x52a54df0
 0x75f35b8c: local[0]              = 0x52a51630
 0x75f35b90: call_wrapper          = 0x75f35c2c
 0x75f35b94: frame_type            = ENTRY_FRAME
 0x75f35b98: next_frame            = 0x00000000


---------------  P R O C E S S  ---------------

Java Threads: ( => current thread )
  0x4e285148 JavaThread "Thread-0" [_thread_in_native, id=7462, stack(0x4d69f000,0x4d83f000)]
  0x75c76510 JavaThread "Service Thread" daemon [_thread_blocked, id=7459, stack(0x51860000,0x51a00000)]
  0x75c74ae0 JavaThread "Signal Dispatcher" daemon [_thread_blocked, id=7458, stack(0x51bd7000,0x51d77000)]
  0x75c63640 JavaThread "Finalizer" daemon [_thread_blocked, id=7457, stack(0x52060000,0x52200000)]
  0x75c620c8 JavaThread "Reference Handler" daemon [_thread_blocked, id=7456, stack(0x52360000,0x52500000)]
=>0x75c05a90 JavaThread "main" [_thread_in_native, id=7454, stack(0x75d98000,0x75f37000)]

Other Threads:
  0x75c5f7a0 VMThread [stack: 0x52670000,0x526ef000] [id=7455]
  0x75c781a8 WatcherThread [stack: 0x51b58000,0x51bd7000] [id=7460]

VM state:not at safepoint (normal execution)

VM Mutex/Monitor currently owned by a thread: None

Heap
 def new generation   total 4480K, used 654K [0x52a00000, 0x52ec0000, 0x5c4a0000)
  eden space 4096K,  15% used [0x52a00000, 0x52aa3ad0, 0x52e00000)
  from space 384K,   0% used [0x52e00000, 0x52e00000, 0x52e60000)
  to   space 384K,   0% used [0x52e60000, 0x52e60000, 0x52ec0000)
 tenured generation   total 9984K, used 0K [0x5c4a0000, 0x5ce60000, 0x6fa00000)
   the space 9984K,   0% used [0x5c4a0000, 0x5c4a0000, 0x5c4a0200, 0x5ce60000)
 compacting perm gen  total 4096K, used 2256K [0x6fa00000, 0x6fe00000, 0x73a00000)
   the space 4096K,  55% used [0x6fa00000, 0x6fc34390, 0x6fc34400, 0x6fe00000)
No shared spaces configured.

Card table byte_map: [0x73a05000,0x73b0e000] byte_map_base: 0x73770000

Polling page: 0x76fe6000

Code Cache  [0x73b8e000, 0x73bb6000, 0x75b8e000)
 total_blobs=146 nmethods=0 adapters=139 free_code_cache=32693Kb largest_free_block=33478528

Compilation events (0 events):
No events

GC Heap History (0 events):
No events

Deoptimization events (0 events):
No events

Internal exceptions (10 events):
Event: 0.458 Thread 0x75c05a90 Threw 0x52a44a80 at /build/openjdk-7-LyTTnT/openjdk-7-7u95-2.6.4/build/openjdk/hotspot/src/share/vm/prims/jvm.cpp:1322
Event: 0.463 Thread 0x75c05a90 Threw 0x52a46708 at /build/openjdk-7-LyTTnT/openjdk-7-7u95-2.6.4/build/openjdk/hotspot/src/share/vm/prims/jvm.cpp:1322
Event: 0.521 Thread 0x75c05a90 Threw 0x52a51e38 at /build/openjdk-7-LyTTnT/openjdk-7-7u95-2.6.4/build/openjdk/hotspot/src/share/vm/prims/jvm.cpp:1322
Event: 0.526 Thread 0x75c05a90 Threw 0x52a55760 at /build/openjdk-7-LyTTnT/openjdk-7-7u95-2.6.4/build/openjdk/hotspot/src/share/vm/prims/jvm.cpp:1322
Event: 0.544 Thread 0x75c05a90 Threw 0x52a7b0d8 at /build/openjdk-7-LyTTnT/openjdk-7-7u95-2.6.4/build/openjdk/hotspot/src/share/vm/prims/jvm.cpp:1322
Event: 0.552 Thread 0x75c05a90 Threw 0x52a8b9f0 at /build/openjdk-7-LyTTnT/openjdk-7-7u95-2.6.4/build/openjdk/hotspot/src/share/vm/prims/jvm.cpp:1322
Event: 0.556 Thread 0x75c05a90 Threw 0x52a8fde8 at /build/openjdk-7-LyTTnT/openjdk-7-7u95-2.6.4/build/openjdk/hotspot/src/share/vm/prims/jvm.cpp:1322
Event: 0.890 Thread 0x75c05a90 Threw 0x52a94e38 at /build/openjdk-7-LyTTnT/openjdk-7-7u95-2.6.4/build/openjdk/hotspot/src/share/vm/prims/jvm.cpp:1322
Event: 0.953 Thread 0x75c05a90 Threw 0x52a9c910 at /build/openjdk-7-LyTTnT/openjdk-7-7u95-2.6.4/build/openjdk/hotspot/src/share/vm/prims/jvm.cpp:1322
Event: 0.991 Thread 0x75c05a90 Threw 0x52aa0cb0 at /build/openjdk-7-LyTTnT/openjdk-7-7u95-2.6.4/build/openjdk/hotspot/src/share/vm/prims/jvm.cpp:1322

Events (10 events):
Event: 0.959 loading class 0x75cd8a90
Event: 0.959 loading class 0x75cd8a90 done
Event: 0.960 loading class 0x52927278
Event: 0.960 loading class 0x52927278 done
Event: 0.961 loading class 0x4e2670a0
Event: 0.963 loading class 0x4e2670a0 done
Event: 0.971 loading class 0x528ea0b0
Event: 0.971 loading class 0x528ea0b0 done
Event: 0.990 loading class 0x75cc4c38
Event: 0.990 loading class 0x75cc4c38 done


Dynamic libraries:
00010000-00011000 r-xp 00000000 b3:02 127208     /usr/lib/jvm/java-7-openjdk-armhf/jre/bin/java
00020000-00021000 r--p 00000000 b3:02 127208     /usr/lib/jvm/java-7-openjdk-armhf/jre/bin/java
00021000-00022000 rw-p 00001000 b3:02 127208     /usr/lib/jvm/java-7-openjdk-armhf/jre/bin/java
00a95000-00ab6000 rw-p 00000000 00:00 0          [heap]
4d69f000-4d6a2000 ---p 00000000 00:00 0 
4d6a2000-4d83f000 rwxp 00000000 00:00 0          [stack:7462]
4d83f000-4da00000 rw-p 00000000 00:00 0 
4da00000-4da01000 ---p 00000000 00:00 0 
4da01000-4e200000 rwxp 00000000 00:00 0          [stack:7461]
4e200000-4e291000 rw-p 00000000 00:00 0 
4e291000-4e300000 ---p 00000000 00:00 0 
4e367000-4e37d000 r-xp 00000000 b3:02 127150     /usr/lib/jvm/java-7-openjdk-armhf/jre/lib/arm/libnet.so
4e37d000-4e38c000 ---p 00016000 b3:02 127150     /usr/lib/jvm/java-7-openjdk-armhf/jre/lib/arm/libnet.so
4e38c000-4e38d000 r--p 00015000 b3:02 127150     /usr/lib/jvm/java-7-openjdk-armhf/jre/lib/arm/libnet.so
4e38d000-4e38e000 rw-p 00016000 b3:02 127150     /usr/lib/jvm/java-7-openjdk-armhf/jre/lib/arm/libnet.so
4e38e000-4e395000 r--s 00000000 b3:02 10195      /usr/lib/arm-linux-gnueabihf/gconv/gconv-modules.cache
4e395000-4e3a3000 r-xp 00000000 b3:02 9904       /usr/lib/arm-linux-gnueabihf/libtasn1.so.6.3.2
4e3a3000-4e3b3000 ---p 0000e000 b3:02 9904       /usr/lib/arm-linux-gnueabihf/libtasn1.so.6.3.2
4e3b3000-4e3b4000 r--p 0000e000 b3:02 9904       /usr/lib/arm-linux-gnueabihf/libtasn1.so.6.3.2
4e3b4000-4e3b5000 rw-p 0000f000 b3:02 9904       /usr/lib/arm-linux-gnueabihf/libtasn1.so.6.3.2
4e3b5000-4e3e1000 r-xp 00000000 b3:02 9878       /usr/lib/arm-linux-gnueabihf/libp11-kit.so.0.0.0
4e3e1000-4e3f0000 ---p 0002c000 b3:02 9878       /usr/lib/arm-linux-gnueabihf/libp11-kit.so.0.0.0
4e3f0000-4e3f5000 r--p 0002b000 b3:02 9878       /usr/lib/arm-linux-gnueabihf/libp11-kit.so.0.0.0
4e3f5000-4e3f6000 rw-p 00030000 b3:02 9878       /usr/lib/arm-linux-gnueabihf/libp11-kit.so.0.0.0
4e3f6000-4e457000 r-xp 00000000 b3:02 9839       /usr/lib/arm-linux-gnueabihf/libgmp.so.10.2.0
4e457000-4e466000 ---p 00061000 b3:02 9839       /usr/lib/arm-linux-gnueabihf/libgmp.so.10.2.0
4e466000-4e467000 r--p 00060000 b3:02 9839       /usr/lib/arm-linux-gnueabihf/libgmp.so.10.2.0
4e467000-4e468000 rw-p 00061000 b3:02 9839       /usr/lib/arm-linux-gnueabihf/libgmp.so.10.2.0
4e468000-4e497000 r-xp 00000000 b3:02 9873       /usr/lib/arm-linux-gnueabihf/libnettle.so.4.7
4e497000-4e4a6000 ---p 0002f000 b3:02 9873       /usr/lib/arm-linux-gnueabihf/libnettle.so.4.7
4e4a6000-4e4a7000 r--p 0002e000 b3:02 9873       /usr/lib/arm-linux-gnueabihf/libnettle.so.4.7
4e4a7000-4e4a8000 rw-p 0002f000 b3:02 9873       /usr/lib/arm-linux-gnueabihf/libnettle.so.4.7
4e4a8000-4e4cf000 r-xp 00000000 b3:02 9846       /usr/lib/arm-linux-gnueabihf/libhogweed.so.2.5
4e4cf000-4e4df000 ---p 00027000 b3:02 9846       /usr/lib/arm-linux-gnueabihf/libhogweed.so.2.5
4e4df000-4e4e0000 r--p 00027000 b3:02 9846       /usr/lib/arm-linux-gnueabihf/libhogweed.so.2.5
4e4e0000-4e4e1000 rw-p 00028000 b3:02 9846       /usr/lib/arm-linux-gnueabihf/libhogweed.so.2.5
4e4e1000-4e54c000 r-xp 00000000 b3:02 38096      /usr/lib/arm-linux-gnueabihf/liborc-0.4.so.0.22.0
4e54c000-4e55c000 ---p 0006b000 b3:02 38096      /usr/lib/arm-linux-gnueabihf/liborc-0.4.so.0.22.0
4e55c000-4e55d000 r--p 0006b000 b3:02 38096      /usr/lib/arm-linux-gnueabihf/liborc-0.4.so.0.22.0
4e55d000-4e561000 rw-p 0006c000 b3:02 38096      /usr/lib/arm-linux-gnueabihf/liborc-0.4.so.0.22.0
4e561000-4e566000 r-xp 00000000 b3:02 36318      /usr/lib/arm-linux-gnueabihf/libogg.so.0.8.2
4e566000-4e56d000 ---p 00005000 b3:02 36318      /usr/lib/arm-linux-gnueabihf/libogg.so.0.8.2
4e56d000-4e56e000 r--p 00004000 b3:02 36318      /usr/lib/arm-linux-gnueabihf/libogg.so.0.8.2
4e56e000-4e56f000 rw-p 00005000 b3:02 36318      /usr/lib/arm-linux-gnueabihf/libogg.so.0.8.2
4e56f000-4e57b000 r-xp 00000000 b3:02 1970       /lib/arm-linux-gnueabihf/libudev.so.1.5.0
4e57b000-4e58a000 ---p 0000c000 b3:02 1970       /lib/arm-linux-gnueabihf/libudev.so.1.5.0
4e58a000-4e58b000 r--p 0000b000 b3:02 1970       /lib/arm-linux-gnueabihf/libudev.so.1.5.0
4e58b000-4e58c000 rw-p 0000c000 b3:02 1970       /lib/arm-linux-gnueabihf/libudev.so.1.5.0
4e58c000-4e590000 r-xp 00000000 b3:02 36103      /usr/lib/arm-linux-gnueabihf/libdatrie.so.1.3.1
4e590000-4e597000 ---p 00004000 b3:02 36103      /usr/lib/arm-linux-gnueabihf/libdatrie.so.1.3.1
4e597000-4e598000 rw-p 00003000 b3:02 36103      /usr/lib/arm-linux-gnueabihf/libdatrie.so.1.3.1
4e598000-4e5ac000 r-xp 00000000 b3:02 36121      /usr/lib/arm-linux-gnueabihf/libgraphite2.so.3.0.1
4e5ac000-4e5b4000 ---p 00014000 b3:02 36121      /usr/lib/arm-linux-gnueabihf/libgraphite2.so.3.0.1
4e5b4000-4e5b6000 r--p 00014000 b3:02 36121      /usr/lib/arm-linux-gnueabihf/libgraphite2.so.3.0.1
4e5b6000-4e5b7000 rw-p 00016000 b3:02 36121      /usr/lib/arm-linux-gnueabihf/libgraphite2.so.3.0.1
4e5b7000-4e5bb000 r-xp 00000000 b3:02 9795       /usr/lib/arm-linux-gnueabihf/libXdmcp.so.6.0.0
4e5bb000-4e5c2000 ---p 00004000 b3:02 9795       /usr/lib/arm-linux-gnueabihf/libXdmcp.so.6.0.0
4e5c2000-4e5c3000 rw-p 00003000 b3:02 9795       /usr/lib/arm-linux-gnueabihf/libXdmcp.so.6.0.0
4e5c3000-4e5c5000 r-xp 00000000 b3:02 9794       /usr/lib/arm-linux-gnueabihf/libXau.so.6.0.0
4e5c5000-4e5cc000 ---p 00002000 b3:02 9794       /usr/lib/arm-linux-gnueabihf/libXau.so.6.0.0
4e5cc000-4e5cd000 r--p 00001000 b3:02 9794       /usr/lib/arm-linux-gnueabihf/libXau.so.6.0.0
4e5cd000-4e5ce000 rw-p 00002000 b3:02 9794       /usr/lib/arm-linux-gnueabihf/libXau.so.6.0.0
4e5ce000-4e5dd000 r-xp 00000000 b3:02 1894       /lib/arm-linux-gnueabihf/libbz2.so.1.0.4
4e5dd000-4e5e4000 ---p 0000f000 b3:02 1894       /lib/arm-linux-gnueabihf/libbz2.so.1.0.4
4e5e4000-4e5e5000 r--p 0000e000 b3:02 1894       /lib/arm-linux-gnueabihf/libbz2.so.1.0.4
4e5e5000-4e5e6000 rw-p 0000f000 b3:02 1894       /lib/arm-linux-gnueabihf/libbz2.so.1.0.4
4e5e6000-4e6dc000 r-xp 00000000 b3:02 9840       /usr/lib/arm-linux-gnueabihf/libgnutls-deb0.so.28.41.0
4e6dc000-4e6ec000 ---p 000f6000 b3:02 9840       /usr/lib/arm-linux-gnueabihf/libgnutls-deb0.so.28.41.0
4e6ec000-4e6f1000 r--p 000f6000 b3:02 9840       /usr/lib/arm-linux-gnueabihf/libgnutls-deb0.so.28.41.0
4e6f1000-4e6f3000 rw-p 000fb000 b3:02 9840       /usr/lib/arm-linux-gnueabihf/libgnutls-deb0.so.28.41.0
4e6f3000-4e70a000 r-xp 00000000 b3:02 9894       /usr/lib/arm-linux-gnueabihf/librtmp.so.1
4e70a000-4e71a000 ---p 00017000 b3:02 9894       /usr/lib/arm-linux-gnueabihf/librtmp.so.1
4e71a000-4e71b000 r--p 00017000 b3:02 9894       /usr/lib/arm-linux-gnueabihf/librtmp.so.1
4e71b000-4e71c000 rw-p 00018000 b3:02 9894       /usr/lib/arm-linux-gnueabihf/librtmp.so.1
4e71c000-4e72e000 r-xp 00000000 b3:02 38136      /usr/lib/arm-linux-gnueabihf/libva.so.1.3600.0
4e72e000-4e73e000 ---p 00012000 b3:02 38136      /usr/lib/arm-linux-gnueabihf/libva.so.1.3600.0
4e73e000-4e73f000 r--p 00012000 b3:02 38136      /usr/lib/arm-linux-gnueabihf/libva.so.1.3600.0
4e73f000-4e740000 rw-p 00013000 b3:02 38136      /usr/lib/arm-linux-gnueabihf/libva.so.1.3600.0
4e740000-4e74a000 r-xp 00000000 b3:02 36934      /usr/lib/arm-linux-gnueabihf/libgsm.so.1.0.12
4e74a000-4e751000 ---p 0000a000 b3:02 36934      /usr/lib/arm-linux-gnueabihf/libgsm.so.1.0.12
4e751000-4e752000 rw-p 00009000 b3:02 36934      /usr/lib/arm-linux-gnueabihf/libgsm.so.1.0.12
4e752000-4e78d000 r-xp 00000000 b3:02 38061      /usr/lib/arm-linux-gnueabihf/libmp3lame.so.0.0.0
4e78d000-4e79c000 ---p 0003b000 b3:02 38061      /usr/lib/arm-linux-gnueabihf/libmp3lame.so.0.0.0
4e79c000-4e79d000 r--p 0003a000 b3:02 38061      /usr/lib/arm-linux-gnueabihf/libmp3lame.so.0.0.0
4e79d000-4e79e000 rw-p 0003b000 b3:02 38061      /usr/lib/arm-linux-gnueabihf/libmp3lame.so.0.0.0
4e79e000-4e7cb000 rw-p 00000000 00:00 0 
4e7cb000-4e7e9000 r-xp 00000000 b3:02 38079      /usr/lib/arm-linux-gnueabihf/libopenjpeg.so.1.5.2
4e7e9000-4e7f8000 ---p 0001e000 b3:02 38079      /usr/lib/arm-linux-gnueabihf/libopenjpeg.so.1.5.2
4e7f8000-4e7f9000 r--p 0001d000 b3:02 38079      /usr/lib/arm-linux-gnueabihf/libopenjpeg.so.1.5.2
4e7f9000-4e7fa000 rw-p 0001e000 b3:02 38079      /usr/lib/arm-linux-gnueabihf/libopenjpeg.so.1.5.2
4e7fa000-4e837000 r-xp 00000000 b3:02 38089      /usr/lib/arm-linux-gnueabihf/libopus.so.0.5.0
4e837000-4e846000 ---p 0003d000 b3:02 38089      /usr/lib/arm-linux-gnueabihf/libopus.so.0.5.0
4e846000-4e847000 r--p 0003c000 b3:02 38089      /usr/lib/arm-linux-gnueabihf/libopus.so.0.5.0
4e847000-4e848000 rw-p 0003d000 b3:02 38089      /usr/lib/arm-linux-gnueabihf/libopus.so.0.5.0
4e848000-4e8e9000 r-xp 00000000 b3:02 38104      /usr/lib/arm-linux-gnueabihf/libschroedinger-1.0.so.0.11.0
4e8e9000-4e8f1000 ---p 000a1000 b3:02 38104      /usr/lib/arm-linux-gnueabihf/libschroedinger-1.0.so.0.11.0
4e8f1000-4e8f2000 r--p 000a1000 b3:02 38104      /usr/lib/arm-linux-gnueabihf/libschroedinger-1.0.so.0.11.0
4e8f2000-4e8f4000 rw-p 000a2000 b3:02 38104      /usr/lib/arm-linux-gnueabihf/libschroedinger-1.0.so.0.11.0
4e8f4000-4e909000 r-xp 00000000 b3:02 38110      /usr/lib/arm-linux-gnueabihf/libspeex.so.1.5.0
4e909000-4e918000 ---p 00015000 b3:02 38110      /usr/lib/arm-linux-gnueabihf/libspeex.so.1.5.0
4e918000-4e919000 r--p 00014000 b3:02 38110      /usr/lib/arm-linux-gnueabihf/libspeex.so.1.5.0
4e919000-4e91a000 rw-p 00015000 b3:02 38110      /usr/lib/arm-linux-gnueabihf/libspeex.so.1.5.0
4e91a000-4e92c000 r-xp 00000000 b3:02 38121      /usr/lib/arm-linux-gnueabihf/libtheoradec.so.1.1.4
4e92c000-4e93b000 ---p 00012000 b3:02 38121      /usr/lib/arm-linux-gnueabihf/libtheoradec.so.1.1.4
4e93b000-4e93c000 r--p 00011000 b3:02 38121      /usr/lib/arm-linux-gnueabihf/libtheoradec.so.1.1.4
4e93c000-4e93d000 rw-p 00012000 b3:02 38121      /usr/lib/arm-linux-gnueabihf/libtheoradec.so.1.1.4
4e93d000-4e973000 r-xp 00000000 b3:02 38122      /usr/lib/arm-linux-gnueabihf/libtheoraenc.so.1.1.2
4e973000-4e982000 ---p 00036000 b3:02 38122      /usr/lib/arm-linux-gnueabihf/libtheoraenc.so.1.1.2
4e982000-4e983000 r--p 00035000 b3:02 38122      /usr/lib/arm-linux-gnueabihf/libtheoraenc.so.1.1.2
4e983000-4e984000 rw-p 00036000 b3:02 38122      /usr/lib/arm-linux-gnueabihf/libtheoraenc.so.1.1.2
4e984000-4e9ab000 r-xp 00000000 b3:02 36330      /usr/lib/arm-linux-gnueabihf/libvorbis.so.0.4.7
4e9ab000-4e9ba000 ---p 00027000 b3:02 36330      /usr/lib/arm-linux-gnueabihf/libvorbis.so.0.4.7
4e9ba000-4e9bb000 r--p 00026000 b3:02 36330      /usr/lib/arm-linux-gnueabihf/libvorbis.so.0.4.7
4e9bb000-4e9bc000 rw-p 00027000 b3:02 36330      /usr/lib/arm-linux-gnueabihf/libvorbis.so.0.4.7
4e9bc000-4ea31000 r-xp 00000000 b3:02 36916      /usr/lib/arm-linux-gnueabihf/libvorbisenc.so.2.0.10
4ea31000-4ea41000 ---p 00075000 b3:02 36916      /usr/lib/arm-linux-gnueabihf/libvorbisenc.so.2.0.10
4ea41000-4ea4d000 r--p 00075000 b3:02 36916      /usr/lib/arm-linux-gnueabihf/libvorbisenc.so.2.0.10
4ea4d000-4ea4e000 rw-p 00081000 b3:02 36916      /usr/lib/arm-linux-gnueabihf/libvorbisenc.so.2.0.10
4ea4e000-4eb10000 r-xp 00000000 b3:02 38144      /usr/lib/arm-linux-gnueabihf/libvpx.so.1.3.0
4eb10000-4eb20000 ---p 000c2000 b3:02 38144      /usr/lib/arm-linux-gnueabihf/libvpx.so.1.3.0
4eb20000-4eb21000 r--p 000c2000 b3:02 38144      /usr/lib/arm-linux-gnueabihf/libvpx.so.1.3.0
4eb21000-4eb22000 rw-p 000c3000 b3:02 38144      /usr/lib/arm-linux-gnueabihf/libvpx.so.1.3.0
4eb22000-4eb68000 rw-p 00000000 00:00 0 
4eb68000-4ec3d000 r-xp 00000000 b3:02 38154      /usr/lib/arm-linux-gnueabihf/libx264.so.142
4ec3d000-4ec4c000 ---p 000d5000 b3:02 38154      /usr/lib/arm-linux-gnueabihf/libx264.so.142
4ec4c000-4ec4d000 r--p 000d4000 b3:02 38154      /usr/lib/arm-linux-gnueabihf/libx264.so.142
4ec4d000-4ec4e000 rw-p 000d5000 b3:02 38154      /usr/lib/arm-linux-gnueabihf/libx264.so.142
4ec4e000-4ecc9000 rw-p 00000000 00:00 0 
4ecc9000-4ed4d000 r-xp 00000000 b3:02 38159      /usr/lib/arm-linux-gnueabihf/libxvidcore.so.4.3
4ed4d000-4ed54000 ---p 00084000 b3:02 38159      /usr/lib/arm-linux-gnueabihf/libxvidcore.so.4.3
4ed54000-4ed55000 r--p 00083000 b3:02 38159      /usr/lib/arm-linux-gnueabihf/libxvidcore.so.4.3
4ed55000-4ed56000 rw-p 00084000 b3:02 38159      /usr/lib/arm-linux-gnueabihf/libxvidcore.so.4.3
4ed56000-4edc8000 rw-p 00000000 00:00 0 
4edc8000-4eddb000 r-xp 00000000 b3:02 1972       /lib/arm-linux-gnueabihf/libusb-1.0.so.0.1.0
4eddb000-4ede2000 ---p 00013000 b3:02 1972       /lib/arm-linux-gnueabihf/libusb-1.0.so.0.1.0
4ede2000-4ede3000 r--p 00012000 b3:02 1972       /lib/arm-linux-gnueabihf/libusb-1.0.so.0.1.0
4ede3000-4ede4000 rw-p 00013000 b3:02 1972       /lib/arm-linux-gnueabihf/libusb-1.0.so.0.1.0
4ede4000-4edee000 r-xp 00000000 b3:02 38332      /usr/lib/arm-linux-gnueabihf/libraw1394.so.11.1.0
4edee000-4edf6000 ---p 0000a000 b3:02 38332      /usr/lib/arm-linux-gnueabihf/libraw1394.so.11.1.0
4edf6000-4edf7000 r--p 0000a000 b3:02 38332      /usr/lib/arm-linux-gnueabihf/libraw1394.so.11.1.0
4edf7000-4edf8000 rw-p 0000b000 b3:02 38332      /usr/lib/arm-linux-gnueabihf/libraw1394.so.11.1.0
4edf8000-4ee17000 r-xp 00000000 b3:02 1906       /lib/arm-linux-gnueabihf/libexpat.so.1.6.0
4ee17000-4ee27000 ---p 0001f000 b3:02 1906       /lib/arm-linux-gnueabihf/libexpat.so.1.6.0
4ee27000-4ee29000 r--p 0001f000 b3:02 1906       /lib/arm-linux-gnueabihf/libexpat.so.1.6.0
4ee29000-4ee2a000 rw-p 00021000 b3:02 1906       /lib/arm-linux-gnueabihf/libexpat.so.1.6.0
4ee2a000-4ee8c000 r-xp 00000000 b3:02 1947       /lib/arm-linux-gnueabihf/libpcre.so.3.13.1
4ee8c000-4ee9b000 ---p 00062000 b3:02 1947       /lib/arm-linux-gnueabihf/libpcre.so.3.13.1
4ee9b000-4ee9c000 r--p 00061000 b3:02 1947       /lib/arm-linux-gnueabihf/libpcre.so.3.13.1
4ee9c000-4ee9d000 rw-p 00062000 b3:02 1947       /lib/arm-linux-gnueabihf/libpcre.so.3.13.1
4ee9d000-4eea3000 r-xp 00000000 b3:02 9828       /usr/lib/arm-linux-gnueabihf/libffi.so.6.0.2
4eea3000-4eeab000 ---p 00006000 b3:02 9828       /usr/lib/arm-linux-gnueabihf/libffi.so.6.0.2
4eeab000-4eeac000 r--p 00006000 b3:02 9828       /usr/lib/arm-linux-gnueabihf/libffi.so.6.0.2
4eeac000-4eead000 rw-p 00007000 b3:02 9828       /usr/lib/arm-linux-gnueabihf/libffi.so.6.0.2
4eead000-4eeb4000 r-xp 00000000 b3:02 36109      /usr/lib/arm-linux-gnueabihf/libthai.so.0.2.0
4eeb4000-4eebb000 ---p 00007000 b3:02 36109      /usr/lib/arm-linux-gnueabihf/libthai.so.0.2.0
4eebb000-4eebc000 r--p 00006000 b3:02 36109      /usr/lib/arm-linux-gnueabihf/libthai.so.0.2.0
4eebc000-4eebd000 rw-p 00007000 b3:02 36109      /usr/lib/arm-linux-gnueabihf/libthai.so.0.2.0
4eebd000-4ef08000 r-xp 00000000 b3:02 36129      /usr/lib/arm-linux-gnueabihf/libharfbuzz.so.0.935.0
4ef08000-4ef17000 ---p 0004b000 b3:02 36129      /usr/lib/arm-linux-gnueabihf/libharfbuzz.so.0.935.0
4ef17000-4ef18000 r--p 0004a000 b3:02 36129      /usr/lib/arm-linux-gnueabihf/libharfbuzz.so.0.935.0
4ef18000-4ef19000 rw-p 0004b000 b3:02 36129      /usr/lib/arm-linux-gnueabihf/libharfbuzz.so.0.935.0
4ef19000-4ef2b000 r-xp 00000000 b3:02 1957       /lib/arm-linux-gnueabihf/libresolv-2.19.so
4ef2b000-4ef3a000 ---p 00012000 b3:02 1957       /lib/arm-linux-gnueabihf/libresolv-2.19.so
4ef3a000-4ef3b000 r--p 00011000 b3:02 1957       /lib/arm-linux-gnueabihf/libresolv-2.19.so
4ef3b000-4ef3c000 rw-p 00012000 b3:02 1957       /lib/arm-linux-gnueabihf/libresolv-2.19.so
4ef3c000-4ef3e000 rw-p 00000000 00:00 0 
4ef3e000-4ef59000 r-xp 00000000 b3:02 1959       /lib/arm-linux-gnueabihf/libselinux.so.1
4ef59000-4ef68000 ---p 0001b000 b3:02 1959       /lib/arm-linux-gnueabihf/libselinux.so.1
4ef68000-4ef69000 r--p 0001a000 b3:02 1959       /lib/arm-linux-gnueabihf/libselinux.so.1
4ef69000-4ef6a000 rw-p 0001b000 b3:02 1959       /lib/arm-linux-gnueabihf/libselinux.so.1
4ef6a000-4ef6b000 rw-p 00000000 00:00 0 
4ef6b000-4ef81000 r-xp 00000000 b3:02 9914       /usr/lib/arm-linux-gnueabihf/libxcb.so.1.1.0
4ef81000-4ef88000 ---p 00016000 b3:02 9914       /usr/lib/arm-linux-gnueabihf/libxcb.so.1.1.0
4ef88000-4ef89000 r--p 00015000 b3:02 9914       /usr/lib/arm-linux-gnueabihf/libxcb.so.1.1.0
4ef89000-4ef8a000 rw-p 00016000 b3:02 9914       /usr/lib/arm-linux-gnueabihf/libxcb.so.1.1.0
4ef8a000-4ef90000 r-xp 00000000 b3:02 35752      /usr/lib/arm-linux-gnueabihf/libxcb-render.so.0.0.0
4ef90000-4ef97000 ---p 00006000 b3:02 35752      /usr/lib/arm-linux-gnueabihf/libxcb-render.so.0.0.0
4ef97000-4ef98000 r--p 00005000 b3:02 35752      /usr/lib/arm-linux-gnueabihf/libxcb-render.so.0.0.0
4ef98000-4ef99000 rw-p 00006000 b3:02 35752      /usr/lib/arm-linux-gnueabihf/libxcb-render.so.0.0.0
4ef99000-4ef9b000 r-xp 00000000 b3:02 35758      /usr/lib/arm-linux-gnueabihf/libxcb-shm.so.0.0.0
4ef9b000-4efa2000 ---p 00002000 b3:02 35758      /usr/lib/arm-linux-gnueabihf/libxcb-shm.so.0.0.0
4efa2000-4efa3000 r--p 00001000 b3:02 35758      /usr/lib/arm-linux-gnueabihf/libxcb-shm.so.0.0.0
4efa3000-4efa4000 rw-p 00002000 b3:02 35758      /usr/lib/arm-linux-gnueabihf/libxcb-shm.so.0.0.0
4efa4000-4f03c000 r-xp 00000000 b3:02 35746      /usr/lib/arm-linux-gnueabihf/libpixman-1.so.0.33.3
4f03c000-4f04b000 ---p 00098000 b3:02 35746      /usr/lib/arm-linux-gnueabihf/libpixman-1.so.0.33.3
4f04b000-4f050000 r--p 00097000 b3:02 35746      /usr/lib/arm-linux-gnueabihf/libpixman-1.so.0.33.3
4f050000-4f051000 rw-p 0009c000 b3:02 35746      /usr/lib/arm-linux-gnueabihf/libpixman-1.so.0.33.3
4f051000-4f05f000 r-xp 00000000 b3:02 9796       /usr/lib/arm-linux-gnueabihf/libXext.so.6.4.0
4f05f000-4f06e000 ---p 0000e000 b3:02 9796       /usr/lib/arm-linux-gnueabihf/libXext.so.6.4.0
4f06e000-4f06f000 r--p 0000d000 b3:02 9796       /usr/lib/arm-linux-gnueabihf/libXext.so.6.4.0
4f06f000-4f070000 rw-p 0000e000 b3:02 9796       /usr/lib/arm-linux-gnueabihf/libXext.so.6.4.0
4f070000-4f078000 r-xp 00000000 b3:02 36159      /usr/lib/arm-linux-gnueabihf/libXcursor.so.1.0.2
4f078000-4f07f000 ---p 00008000 b3:02 36159      /usr/lib/arm-linux-gnueabihf/libXcursor.so.1.0.2
4f07f000-4f080000 r--p 00007000 b3:02 36159      /usr/lib/arm-linux-gnueabihf/libXcursor.so.1.0.2
4f080000-4f081000 rw-p 00008000 b3:02 36159      /usr/lib/arm-linux-gnueabihf/libXcursor.so.1.0.2
4f081000-4f088000 r-xp 00000000 b3:02 36177      /usr/lib/arm-linux-gnueabihf/libXrandr.so.2.2.0
4f088000-4f08f000 ---p 00007000 b3:02 36177      /usr/lib/arm-linux-gnueabihf/libXrandr.so.2.2.0
4f08f000-4f090000 r--p 00006000 b3:02 36177      /usr/lib/arm-linux-gnueabihf/libXrandr.so.2.2.0
4f090000-4f091000 rw-p 00007000 b3:02 36177      /usr/lib/arm-linux-gnueabihf/libXrandr.so.2.2.0
4f091000-4f09d000 r-xp 00000000 b3:02 15952      /usr/lib/arm-linux-gnueabihf/libXi.so.6.1.0
4f09d000-4f0a4000 ---p 0000c000 b3:02 15952      /usr/lib/arm-linux-gnueabihf/libXi.so.6.1.0
4f0a4000-4f0a5000 r--p 0000b000 b3:02 15952      /usr/lib/arm-linux-gnueabihf/libXi.so.6.1.0
4f0a5000-4f0a6000 rw-p 0000c000 b3:02 15952      /usr/lib/arm-linux-gnueabihf/libXi.so.6.1.0
4f0a6000-4f0a8000 r-xp 00000000 b3:02 36171      /usr/lib/arm-linux-gnueabihf/libXinerama.so.1.0.0
4f0a8000-4f0af000 ---p 00002000 b3:02 36171      /usr/lib/arm-linux-gnueabihf/libXinerama.so.1.0.0
4f0af000-4f0b0000 r--p 00001000 b3:02 36171      /usr/lib/arm-linux-gnueabihf/libXinerama.so.1.0.0
4f0b0000-4f0b1000 rw-p 00002000 b3:02 36171      /usr/lib/arm-linux-gnueabihf/libXinerama.so.1.0.0
4f0b1000-4f0b9000 r-xp 00000000 b3:02 15978      /usr/lib/arm-linux-gnueabihf/libXrender.so.1.3.0
4f0b9000-4f0c0000 ---p 00008000 b3:02 15978      /usr/lib/arm-linux-gnueabihf/libXrender.so.1.3.0
4f0c0000-4f0c1000 r--p 00007000 b3:02 15978      /usr/lib/arm-linux-gnueabihf/libXrender.so.1.3.0
4f0c1000-4f0c2000 rw-p 00008000 b3:02 15978      /usr/lib/arm-linux-gnueabihf/libXrender.so.1.3.0
4f0c2000-4f0c6000 r-xp 00000000 b3:02 36153      /usr/lib/arm-linux-gnueabihf/libXfixes.so.3.1.0
4f0c6000-4f0cd000 ---p 00004000 b3:02 36153      /usr/lib/arm-linux-gnueabihf/libXfixes.so.3.1.0
4f0cd000-4f0ce000 r--p 00003000 b3:02 36153      /usr/lib/arm-linux-gnueabihf/libXfixes.so.3.1.0
4f0ce000-4f0cf000 rw-p 00004000 b3:02 36153      /usr/lib/arm-linux-gnueabihf/libXfixes.so.3.1.0
4f0cf000-4f1da000 r-xp 00000000 b3:02 9793       /usr/lib/arm-linux-gnueabihf/libX11.so.6.3.0
4f1da000-4f1e1000 ---p 0010b000 b3:02 9793       /usr/lib/arm-linux-gnueabihf/libX11.so.6.3.0
4f1e1000-4f1e2000 r--p 0010a000 b3:02 9793       /usr/lib/arm-linux-gnueabihf/libX11.so.6.3.0
4f1e2000-4f1e5000 rw-p 0010b000 b3:02 9793       /usr/lib/arm-linux-gnueabihf/libX11.so.6.3.0
4f1e5000-4f1ef000 r-xp 00000000 b3:02 35776      /usr/lib/arm-linux-gnueabihf/libjbig.so.0
4f1ef000-4f1fe000 ---p 0000a000 b3:02 35776      /usr/lib/arm-linux-gnueabihf/libjbig.so.0
4f1fe000-4f1ff000 r--p 00009000 b3:02 35776      /usr/lib/arm-linux-gnueabihf/libjbig.so.0
4f1ff000-4f202000 rw-p 0000a000 b3:02 35776      /usr/lib/arm-linux-gnueabihf/libjbig.so.0
4f202000-4f220000 r-xp 00000000 b3:02 1920       /lib/arm-linux-gnueabihf/liblzma.so.5.0.0
4f220000-4f227000 ---p 0001e000 b3:02 1920       /lib/arm-linux-gnueabihf/liblzma.so.5.0.0
4f227000-4f228000 r--p 0001d000 b3:02 1920       /lib/arm-linux-gnueabihf/liblzma.so.5.0.0
4f228000-4f229000 rw-p 0001e000 b3:02 1920       /lib/arm-linux-gnueabihf/liblzma.so.5.0.0
4f229000-4f237000 r-xp 00000000 b3:02 36885      /usr/lib/arm-linux-gnueabihf/libavresample.so.2.1.0
4f237000-4f246000 ---p 0000e000 b3:02 36885      /usr/lib/arm-linux-gnueabihf/libavresample.so.2.1.0
4f246000-4f247000 r--p 0000d000 b3:02 36885      /usr/lib/arm-linux-gnueabihf/libavresample.so.2.1.0
4f247000-4f248000 rw-p 0000e000 b3:02 36885      /usr/lib/arm-linux-gnueabihf/libavresample.so.2.1.0
4f248000-4f275000 r-xp 00000000 b3:02 38254      /usr/lib/arm-linux-gnueabihf/libswscale.so.3.0.0
4f275000-4f284000 ---p 0002d000 b3:02 38254      /usr/lib/arm-linux-gnueabihf/libswscale.so.3.0.0
4f284000-4f285000 r--p 0002c000 b3:02 38254      /usr/lib/arm-linux-gnueabihf/libswscale.so.3.0.0
4f285000-4f286000 rw-p 0002d000 b3:02 38254      /usr/lib/arm-linux-gnueabihf/libswscale.so.3.0.0
4f286000-4f2ab000 r-xp 00000000 b3:02 36771      /usr/lib/arm-linux-gnueabihf/libavutil.so.54.3.0
4f2ab000-4f2ba000 ---p 00025000 b3:02 36771      /usr/lib/arm-linux-gnueabihf/libavutil.so.54.3.0
4f2ba000-4f2bb000 r--p 00024000 b3:02 36771      /usr/lib/arm-linux-gnueabihf/libavutil.so.54.3.0
4f2bb000-4f2bc000 rw-p 00025000 b3:02 36771      /usr/lib/arm-linux-gnueabihf/libavutil.so.54.3.0
4f2bc000-4f2c0000 rw-p 00000000 00:00 0 
4f2c0000-4f3d9000 r-xp 00000000 b3:02 38172      /usr/lib/arm-linux-gnueabihf/libavformat.so.56.1.0
4f3d9000-4f3e8000 ---p 00119000 b3:02 38172      /usr/lib/arm-linux-gnueabihf/libavformat.so.56.1.0
4f3e8000-4f3e9000 r--p 00118000 b3:02 38172      /usr/lib/arm-linux-gnueabihf/libavformat.so.56.1.0
4f3e9000-4f3f0000 rw-p 00119000 b3:02 38172      /usr/lib/arm-linux-gnueabihf/libavformat.so.56.1.0
4f3f0000-4fa9c000 r-xp 00000000 b3:02 38165      /usr/lib/arm-linux-gnueabihf/libavcodec.so.56.1.0
4fa9c000-4faab000 ---p 006ac000 b3:02 38165      /usr/lib/arm-linux-gnueabihf/libavcodec.so.56.1.0
4faab000-4faac000 r--p 006ab000 b3:02 38165      /usr/lib/arm-linux-gnueabihf/libavcodec.so.56.1.0
4faac000-4faba000 rw-p 006ac000 b3:02 38165      /usr/lib/arm-linux-gnueabihf/libavcodec.so.56.1.0
4faba000-500a3000 rw-p 00000000 00:00 0 
500a3000-500d4000 r-xp 00000000 b3:02 38492      /usr/lib/arm-linux-gnueabihf/libdc1394.so.22.1.10
500d4000-500e3000 ---p 00031000 b3:02 38492      /usr/lib/arm-linux-gnueabihf/libdc1394.so.22.1.10
500e3000-500e4000 r--p 00030000 b3:02 38492      /usr/lib/arm-linux-gnueabihf/libdc1394.so.22.1.10
500e4000-500e5000 rw-p 00031000 b3:02 38492      /usr/lib/arm-linux-gnueabihf/libdc1394.so.22.1.10
500e5000-50125000 rw-p 00000000 00:00 0 
50125000-501a9000 r-xp 00000000 b3:02 9833       /usr/lib/arm-linux-gnueabihf/libfreetype.so.6.12.0
501a9000-501b8000 ---p 00084000 b3:02 9833       /usr/lib/arm-linux-gnueabihf/libfreetype.so.6.12.0
501b8000-501bc000 r--p 00083000 b3:02 9833       /usr/lib/arm-linux-gnueabihf/libfreetype.so.6.12.0
501bc000-501bd000 rw-p 00087000 b3:02 9833       /usr/lib/arm-linux-gnueabihf/libfreetype.so.6.12.0
501bd000-501ed000 r-xp 00000000 b3:02 35606      /usr/lib/arm-linux-gnueabihf/libfontconfig.so.1.8.0
501ed000-501ee000 r--p 00030000 b3:02 35606      /usr/lib/arm-linux-gnueabihf/libfontconfig.so.1.8.0
501ee000-501ef000 rw-p 00031000 b3:02 35606      /usr/lib/arm-linux-gnueabihf/libfontconfig.so.1.8.0
501ef000-502e1000 r-xp 00000000 b3:02 1910       /lib/arm-linux-gnueabihf/libglib-2.0.so.0.4200.1
502e1000-502f0000 ---p 000f2000 b3:02 1910       /lib/arm-linux-gnueabihf/libglib-2.0.so.0.4200.1
502f0000-502f1000 r--p 000f1000 b3:02 1910       /lib/arm-linux-gnueabihf/libglib-2.0.so.0.4200.1
502f1000-502f2000 rw-p 000f2000 b3:02 1910       /lib/arm-linux-gnueabihf/libglib-2.0.so.0.4200.1
502f2000-5033b000 r-xp 00000000 b3:02 9842       /usr/lib/arm-linux-gnueabihf/libgobject-2.0.so.0.4200.1
5033b000-5034a000 ---p 00049000 b3:02 9842       /usr/lib/arm-linux-gnueabihf/libgobject-2.0.so.0.4200.1
5034a000-5034b000 r--p 00048000 b3:02 9842       /usr/lib/arm-linux-gnueabihf/libgobject-2.0.so.0.4200.1
5034b000-5034c000 rw-p 00049000 b3:02 9842       /usr/lib/arm-linux-gnueabihf/libgobject-2.0.so.0.4200.1
5034c000-5038c000 r-xp 00000000 b3:02 36115      /usr/lib/arm-linux-gnueabihf/libpango-1.0.so.0.3600.8
5038c000-5038d000 r--p 00040000 b3:02 36115      /usr/lib/arm-linux-gnueabihf/libpango-1.0.so.0.3600.8
5038d000-5038e000 rw-p 00041000 b3:02 36115      /usr/lib/arm-linux-gnueabihf/libpango-1.0.so.0.3600.8
5038e000-504c6000 r-xp 00000000 b3:02 9837       /usr/lib/arm-linux-gnueabihf/libgio-2.0.so.0.4200.1
504c6000-504d6000 ---p 00138000 b3:02 9837       /usr/lib/arm-linux-gnueabihf/libgio-2.0.so.0.4200.1
504d6000-504d8000 r--p 00138000 b3:02 9837       /usr/lib/arm-linux-gnueabihf/libgio-2.0.so.0.4200.1
504d8000-504da000 rw-p 0013a000 b3:02 9837       /usr/lib/arm-linux-gnueabihf/libgio-2.0.so.0.4200.1
504da000-504db000 rw-p 00000000 00:00 0 
504db000-504f9000 r-xp 00000000 b3:02 35886      /usr/lib/arm-linux-gnueabihf/libgdk_pixbuf-2.0.so.0.3100.1
504f9000-50508000 ---p 0001e000 b3:02 35886      /usr/lib/arm-linux-gnueabihf/libgdk_pixbuf-2.0.so.0.3100.1
50508000-50509000 r--p 0001d000 b3:02 35886      /usr/lib/arm-linux-gnueabihf/libgdk_pixbuf-2.0.so.0.3100.1
50509000-5050a000 rw-p 0001e000 b3:02 35886      /usr/lib/arm-linux-gnueabihf/libgdk_pixbuf-2.0.so.0.3100.1
5050a000-505e8000 r-xp 00000000 b3:02 35764      /usr/lib/arm-linux-gnueabihf/libcairo.so.2.11400.0
505e8000-505f7000 ---p 000de000 b3:02 35764      /usr/lib/arm-linux-gnueabihf/libcairo.so.2.11400.0
505f7000-505f9000 r--p 000dd000 b3:02 35764      /usr/lib/arm-linux-gnueabihf/libcairo.so.2.11400.0
505f9000-505fa000 rw-p 000df000 b3:02 35764      /usr/lib/arm-linux-gnueabihf/libcairo.so.2.11400.0
505fa000-505fb000 rw-p 00000000 00:00 0 
505fb000-5068d000 r-xp 00000000 b3:02 36184      /usr/lib/arm-linux-gnueabihf/libgdk-x11-2.0.so.0.2400.25
5068d000-5069c000 ---p 00092000 b3:02 36184      /usr/lib/arm-linux-gnueabihf/libgdk-x11-2.0.so.0.2400.25
5069c000-5069e000 r--p 00091000 b3:02 36184      /usr/lib/arm-linux-gnueabihf/libgdk-x11-2.0.so.0.2400.25
5069e000-5069f000 rw-p 00093000 b3:02 36184      /usr/lib/arm-linux-gnueabihf/libgdk-x11-2.0.so.0.2400.25
5069f000-50a4b000 r-xp 00000000 b3:02 36183      /usr/lib/arm-linux-gnueabihf/libgtk-x11-2.0.so.0.2400.25
50a4b000-50a5a000 ---p 003ac000 b3:02 36183      /usr/lib/arm-linux-gnueabihf/libgtk-x11-2.0.so.0.2400.25
50a5a000-50a5e000 r--p 003ab000 b3:02 36183      /usr/lib/arm-linux-gnueabihf/libgtk-x11-2.0.so.0.2400.25
50a5e000-50a61000 rw-p 003af000 b3:02 36183      /usr/lib/arm-linux-gnueabihf/libgtk-x11-2.0.so.0.2400.25
50a61000-50a62000 rw-p 00000000 00:00 0 
50a62000-50aa5000 r-xp 00000000 b3:02 35770      /usr/lib/arm-linux-gnueabihf/libjasper.so.1.0.0
50aa5000-50ab4000 ---p 00043000 b3:02 35770      /usr/lib/arm-linux-gnueabihf/libjasper.so.1.0.0
50ab4000-50ab5000 r--p 00042000 b3:02 35770      /usr/lib/arm-linux-gnueabihf/libjasper.so.1.0.0
50ab5000-50ab8000 rw-p 00043000 b3:02 35770      /usr/lib/arm-linux-gnueabihf/libjasper.so.1.0.0
50ab8000-50abe000 rw-p 00000000 00:00 0 
50abe000-50b22000 r-xp 00000000 b3:02 35782      /usr/lib/arm-linux-gnueabihf/libtiff.so.5.2.0
50b22000-50b32000 ---p 00064000 b3:02 35782      /usr/lib/arm-linux-gnueabihf/libtiff.so.5.2.0
50b32000-50b33000 r--p 00064000 b3:02 35782      /usr/lib/arm-linux-gnueabihf/libtiff.so.5.2.0
50b33000-50b35000 rw-p 00065000 b3:02 35782      /usr/lib/arm-linux-gnueabihf/libtiff.so.5.2.0
50b35000-50b36000 rw-p 00000000 00:00 0 
50b36000-50c57000 r-xp 00000000 b3:02 40054      /usr/local/lib/libopencv_calib3d.so.3.1.0
50c57000-50c66000 ---p 00121000 b3:02 40054      /usr/local/lib/libopencv_calib3d.so.3.1.0
50c66000-50c68000 rw-p 00120000 b3:02 40054      /usr/local/lib/libopencv_calib3d.so.3.1.0
50c68000-50cf6000 r-xp 00000000 b3:02 40051      /usr/local/lib/libopencv_features2d.so.3.1.0
50cf6000-50d05000 ---p 0008e000 b3:02 40051      /usr/local/lib/libopencv_features2d.so.3.1.0
50d05000-50d08000 rw-p 0008d000 b3:02 40051      /usr/local/lib/libopencv_features2d.so.3.1.0
50d08000-50e42000 r-xp 00000000 b3:02 39692      /usr/local/lib/libopencv_imgcodecs.so.3.1.0
50e42000-50e51000 ---p 0013a000 b3:02 39692      /usr/local/lib/libopencv_imgcodecs.so.3.1.0
50e51000-50e55000 rw-p 00139000 b3:02 39692      /usr/local/lib/libopencv_imgcodecs.so.3.1.0
50e55000-50e58000 rw-p 00000000 00:00 0 
50e58000-50eaa000 r-xp 00000000 b3:02 39608      /usr/local/lib/libopencv_video.so.3.1.0
50eaa000-50eba000 ---p 00052000 b3:02 39608      /usr/local/lib/libopencv_video.so.3.1.0
50eba000-50ebb000 rw-p 00052000 b3:02 39608      /usr/local/lib/libopencv_video.so.3.1.0
50ebb000-50f64000 r-xp 00000000 b3:02 38253      /usr/local/lib/libopencv_photo.so.3.1.0
50f64000-50f73000 ---p 000a9000 b3:02 38253      /usr/local/lib/libopencv_photo.so.3.1.0
50f73000-50f75000 rw-p 000a8000 b3:02 38253      /usr/local/lib/libopencv_photo.so.3.1.0
50f75000-50ffb000 r-xp 00000000 b3:02 38157      /usr/local/lib/libopencv_ml.so.3.1.0
50ffb000-5100b000 ---p 00086000 b3:02 38157      /usr/local/lib/libopencv_ml.so.3.1.0
5100b000-5100d000 rw-p 00086000 b3:02 38157      /usr/local/lib/libopencv_ml.so.3.1.0
5100d000-5123a000 r-xp 00000000 b3:02 32957      /usr/local/lib/libopencv_imgproc.so.3.1.0
5123a000-51249000 ---p 0022d000 b3:02 32957      /usr/local/lib/libopencv_imgproc.so.3.1.0
51249000-51251000 rw-p 0022c000 b3:02 32957      /usr/local/lib/libopencv_imgproc.so.3.1.0
51251000-512df000 rw-p 00000000 00:00 0 
512df000-514ec000 r-xp 00000000 b3:02 15633      /usr/local/lib/libopencv_core.so.3.1.0
514ec000-514fb000 ---p 0020d000 b3:02 15633      /usr/local/lib/libopencv_core.so.3.1.0
514fb000-514ff000 rw-p 0020c000 b3:02 15633      /usr/local/lib/libopencv_core.so.3.1.0
514ff000-51500000 rw-p 00000000 00:00 0 
51500000-51521000 rw-p 00000000 00:00 0 
51521000-51600000 ---p 00000000 00:00 0 
51601000-51603000 r-xp 00000000 b3:02 36165      /usr/lib/arm-linux-gnueabihf/libXdamage.so.1.1.0
51603000-5160a000 ---p 00002000 b3:02 36165      /usr/lib/arm-linux-gnueabihf/libXdamage.so.1.1.0
5160a000-5160b000 r--p 00001000 b3:02 36165      /usr/lib/arm-linux-gnueabihf/libXdamage.so.1.1.0
5160b000-5160c000 rw-p 00002000 b3:02 36165      /usr/lib/arm-linux-gnueabihf/libXdamage.so.1.1.0
5160c000-5161c000 r-xp 00000000 b3:02 36135      /usr/lib/arm-linux-gnueabihf/libpangoft2-1.0.so.0.3600.8
5161c000-5162b000 ---p 00010000 b3:02 36135      /usr/lib/arm-linux-gnueabihf/libpangoft2-1.0.so.0.3600.8
5162b000-5162c000 r--p 0000f000 b3:02 36135      /usr/lib/arm-linux-gnueabihf/libpangoft2-1.0.so.0.3600.8
5162c000-5162d000 rw-p 00010000 b3:02 36135      /usr/lib/arm-linux-gnueabihf/libpangoft2-1.0.so.0.3600.8
5162d000-51648000 r-xp 00000000 b3:02 35739      /usr/lib/arm-linux-gnueabihf/libatk-1.0.so.0.21409.1
51648000-51658000 ---p 0001b000 b3:02 35739      /usr/lib/arm-linux-gnueabihf/libatk-1.0.so.0.21409.1
51658000-51659000 r--p 0001b000 b3:02 35739      /usr/lib/arm-linux-gnueabihf/libatk-1.0.so.0.21409.1
51659000-5165a000 rw-p 0001c000 b3:02 35739      /usr/lib/arm-linux-gnueabihf/libatk-1.0.so.0.21409.1
5165a000-516ef000 r-xp 00000000 b3:02 251380     /usr/local/share/OpenCV/java/libopencv_java310.so
516ef000-516ff000 ---p 00095000 b3:02 251380     /usr/local/share/OpenCV/java/libopencv_java310.so
516ff000-51700000 rw-p 00095000 b3:02 251380     /usr/local/share/OpenCV/java/libopencv_java310.so
51700000-51721000 rw-p 00000000 00:00 0 
51721000-51800000 ---p 00000000 00:00 0 
51802000-51805000 r-xp 00000000 b3:02 9838       /usr/lib/arm-linux-gnueabihf/libgmodule-2.0.so.0.4200.1
51805000-51814000 ---p 00003000 b3:02 9838       /usr/lib/arm-linux-gnueabihf/libgmodule-2.0.so.0.4200.1
51814000-51815000 r--p 00002000 b3:02 9838       /usr/lib/arm-linux-gnueabihf/libgmodule-2.0.so.0.4200.1
51815000-51816000 rw-p 00003000 b3:02 9838       /usr/lib/arm-linux-gnueabihf/libgmodule-2.0.so.0.4200.1
51816000-5181f000 r-xp 00000000 b3:02 36141      /usr/lib/arm-linux-gnueabihf/libpangocairo-1.0.so.0.3600.8
5181f000-5182e000 ---p 00009000 b3:02 36141      /usr/lib/arm-linux-gnueabihf/libpangocairo-1.0.so.0.3600.8
5182e000-5182f000 r--p 00008000 b3:02 36141      /usr/lib/arm-linux-gnueabihf/libpangocairo-1.0.so.0.3600.8
5182f000-51830000 rw-p 00009000 b3:02 36141      /usr/lib/arm-linux-gnueabihf/libpangocairo-1.0.so.0.3600.8
51830000-5184f000 r-xp 00000000 b3:02 1952       /lib/arm-linux-gnueabihf/libpng12.so.0.50.0
5184f000-5185e000 ---p 0001f000 b3:02 1952       /lib/arm-linux-gnueabihf/libpng12.so.0.50.0
5185e000-5185f000 r--p 0001e000 b3:02 1952       /lib/arm-linux-gnueabihf/libpng12.so.0.50.0
5185f000-51860000 rw-p 0001f000 b3:02 1952       /lib/arm-linux-gnueabihf/libpng12.so.0.50.0
51860000-51863000 ---p 00000000 00:00 0 
51863000-51a00000 rwxp 00000000 00:00 0          [stack:7459]
51a00000-51a21000 rw-p 00000000 00:00 0 
51a21000-51b00000 ---p 00000000 00:00 0 
51b02000-51b36000 r-xp 00000000 b3:02 9858       /usr/lib/arm-linux-gnueabihf/libjpeg.so.62.1.0
51b36000-51b45000 ---p 00034000 b3:02 9858       /usr/lib/arm-linux-gnueabihf/libjpeg.so.62.1.0
51b45000-51b46000 r--p 00033000 b3:02 9858       /usr/lib/arm-linux-gnueabihf/libjpeg.so.62.1.0
51b46000-51b47000 rw-p 00034000 b3:02 9858       /usr/lib/arm-linux-gnueabihf/libjpeg.so.62.1.0
51b47000-51b57000 rw-p 00000000 00:00 0 
51b57000-51b58000 ---p 00000000 00:00 0 
51b58000-51bd7000 rwxp 00000000 00:00 0          [stack:7460]
51bd7000-51bda000 ---p 00000000 00:00 0 
51bda000-51d77000 rwxp 00000000 00:00 0          [stack:7458]
51d77000-51f00000 r--p 00000000 b3:02 11047      /usr/lib/locale/locale-archive
51f00000-51f21000 rw-p 00000000 00:00 0 
51f21000-52000000 ---p 00000000 00:00 0 
52000000-5204f000 r-xp 00000000 b3:02 40040      /usr/local/lib/libopencv_objdetect.so.3.1.0
5204f000-5205f000 ---p 0004f000 b3:02 40040      /usr/local/lib/libopencv_objdetect.so.3.1.0
5205f000-52060000 rw-p 0004f000 b3:02 40040      /usr/local/lib/libopencv_objdetect.so.3.1.0
52060000-52063000 ---p 00000000 00:00 0 
52063000-52200000 rwxp 00000000 00:00 0          [stack:7457]
52200000-52221000 rw-p 00000000 00:00 0 
52221000-52300000 ---p 00000000 00:00 0 
52305000-52306000 r-xp 00000000 b3:02 9845       /usr/lib/arm-linux-gnueabihf/libgthread-2.0.so.0.4200.1
52306000-52315000 ---p 00001000 b3:02 9845       /usr/lib/arm-linux-gnueabihf/libgthread-2.0.so.0.4200.1
52315000-52316000 r--p 00000000 b3:02 9845       /usr/lib/arm-linux-gnueabihf/libgthread-2.0.so.0.4200.1
52316000-52317000 rw-p 00001000 b3:02 9845       /usr/lib/arm-linux-gnueabihf/libgthread-2.0.so.0.4200.1
52328000-5234c000 r-xp 00000000 b3:02 40016      /usr/local/lib/libopencv_videoio.so.3.1.0
5234c000-5235c000 ---p 00024000 b3:02 40016      /usr/local/lib/libopencv_videoio.so.3.1.0
5235c000-5235d000 rw-p 00024000 b3:02 40016      /usr/local/lib/libopencv_videoio.so.3.1.0
5235d000-52360000 rw-p 00000000 00:00 0 
52360000-52363000 ---p 00000000 00:00 0 
52363000-52500000 rwxp 00000000 00:00 0          [stack:7456]
52500000-52521000 rw-p 00000000 00:00 0 
52521000-52600000 ---p 00000000 00:00 0 
52602000-5260b000 r-xp 00000000 b3:02 40028      /usr/local/lib/libopencv_highgui.so.3.1.0
5260b000-5261b000 ---p 00009000 b3:02 40028      /usr/local/lib/libopencv_highgui.so.3.1.0
5261b000-5261c000 rw-p 00009000 b3:02 40028      /usr/local/lib/libopencv_highgui.so.3.1.0
5261c000-5265e000 r-xp 00000000 b3:02 32939      /usr/local/lib/libopencv_flann.so.3.1.0
5265e000-5266d000 ---p 00042000 b3:02 32939      /usr/local/lib/libopencv_flann.so.3.1.0
5266d000-5266f000 rw-p 00041000 b3:02 32939      /usr/local/lib/libopencv_flann.so.3.1.0
5266f000-52670000 ---p 00000000 00:00 0 
52670000-526ef000 rwxp 00000000 00:00 0          [stack:7455]
526ef000-52738000 rw-p 00000000 00:00 0 
52738000-528e9000 r--s 01ceb000 b3:02 127105     /usr/lib/jvm/java-7-openjdk-armhf/jre/lib/rt.jar
528e9000-52947000 rw-p 00000000 00:00 0 
52947000-52965000 rw-p 00000000 00:00 0 
52965000-5296a000 rw-p 00000000 00:00 0 
5296a000-52a00000 rw-p 00000000 00:00 0 
52a00000-52ec0000 rw-p 00000000 00:00 0 
52ec0000-5c4a0000 rw-p 00000000 00:00 0 
5c4a0000-5ce60000 rw-p 00000000 00:00 0 
5ce60000-6fa00000 rw-p 00000000 00:00 0 
6fa00000-6fe00000 rw-p 00000000 00:00 0 
6fe00000-73a00000 rw-p 00000000 00:00 0 
73a05000-73a08000 rw-p 00000000 00:00 0 
73a08000-73a52000 rw-p 00000000 00:00 0 
73a52000-73a58000 rw-p 00000000 00:00 0 
73a58000-73aed000 rw-p 00000000 00:00 0 
73aed000-73aef000 rw-p 00000000 00:00 0 
73aef000-73b0d000 rw-p 00000000 00:00 0 
73b0d000-73b0f000 rw-p 00000000 00:00 0 
73b0f000-73b8e000 rw-p 00000000 00:00 0 
73b8e000-73bb6000 rwxp 00000000 00:00 0 
73bb6000-75b8e000 rw-p 00000000 00:00 0 
75b8e000-75b95000 r-xp 00000000 b3:02 127155     /usr/lib/jvm/java-7-openjdk-armhf/jre/lib/arm/libzip.so
75b95000-75ba4000 ---p 00007000 b3:02 127155     /usr/lib/jvm/java-7-openjdk-armhf/jre/lib/arm/libzip.so
75ba4000-75ba5000 r--p 00006000 b3:02 127155     /usr/lib/jvm/java-7-openjdk-armhf/jre/lib/arm/libzip.so
75ba5000-75ba6000 rw-p 00007000 b3:02 127155     /usr/lib/jvm/java-7-openjdk-armhf/jre/lib/arm/libzip.so
75ba6000-75bb1000 r-xp 00000000 b3:02 1932       /lib/arm-linux-gnueabihf/libnss_files-2.19.so
75bb1000-75bc0000 ---p 0000b000 b3:02 1932       /lib/arm-linux-gnueabihf/libnss_files-2.19.so
75bc0000-75bc1000 r--p 0000a000 b3:02 1932       /lib/arm-linux-gnueabihf/libnss_files-2.19.so
75bc1000-75bc2000 rw-p 0000b000 b3:02 1932       /lib/arm-linux-gnueabihf/libnss_files-2.19.so
75bc2000-75bcb000 r-xp 00000000 b3:02 1940       /lib/arm-linux-gnueabihf/libnss_nis-2.19.so
75bcb000-75bda000 ---p 00009000 b3:02 1940       /lib/arm-linux-gnueabihf/libnss_nis-2.19.so
75bda000-75bdb000 r--p 00008000 b3:02 1940       /lib/arm-linux-gnueabihf/libnss_nis-2.19.so
75bdb000-75bdc000 rw-p 00009000 b3:02 1940       /lib/arm-linux-gnueabihf/libnss_nis-2.19.so
75bdc000-75bed000 r-xp 00000000 b3:02 1929       /lib/arm-linux-gnueabihf/libnsl-2.19.so
75bed000-75bfc000 ---p 00011000 b3:02 1929       /lib/arm-linux-gnueabihf/libnsl-2.19.so
75bfc000-75bfd000 r--p 00010000 b3:02 1929       /lib/arm-linux-gnueabihf/libnsl-2.19.so
75bfd000-75bfe000 rw-p 00011000 b3:02 1929       /lib/arm-linux-gnueabihf/libnsl-2.19.so
75bfe000-75c00000 rw-p 00000000 00:00 0 
75c00000-75d00000 rw-p 00000000 00:00 0 
75d02000-75d04000 r-xp 00000000 b3:02 36147      /usr/lib/arm-linux-gnueabihf/libXcomposite.so.1.0.0
75d04000-75d0b000 ---p 00002000 b3:02 36147      /usr/lib/arm-linux-gnueabihf/libXcomposite.so.1.0.0
75d0b000-75d0c000 r--p 00001000 b3:02 36147      /usr/lib/arm-linux-gnueabihf/libXcomposite.so.1.0.0
75d0c000-75d0d000 rw-p 00002000 b3:02 36147      /usr/lib/arm-linux-gnueabihf/libXcomposite.so.1.0.0
75d0d000-75d12000 r--s 00048000 b3:02 251379     /usr/local/share/OpenCV/java/opencv-310.jar
75d12000-75d16000 r--s 00033000 b3:02 127114     /usr/lib/jvm/java-7-openjdk-armhf/jre/lib/ext/sunjce_provider.jar
75d16000-75d1d000 r-xp 00000000 b3:02 1930       /lib/arm-linux-gnueabihf/libnss_compat-2.19.so
75d1d000-75d2c000 ---p 00007000 b3:02 1930       /lib/arm-linux-gnueabihf/libnss_compat-2.19.so
75d2c000-75d2d000 r--p 00006000 b3:02 1930       /lib/arm-linux-gnueabihf/libnss_compat-2.19.so
75d2d000-75d2e000 rw-p 00007000 b3:02 1930       /lib/arm-linux-gnueabihf/libnss_compat-2.19.so
75d2e000-75d51000 r-xp 00000000 b3:02 127138     /usr/lib/jvm/java-7-openjdk-armhf/jre/lib/arm/libjava.so
75d51000-75d60000 ---p 00023000 b3:02 127138     /usr/lib/jvm/java-7-openjdk-armhf/jre/lib/arm/libjava.so
75d60000-75d61000 r--p 00022000 b3:02 127138     /usr/lib/jvm/java-7-openjdk-armhf/jre/lib/arm/libjava.so
75d61000-75d62000 rw-p 00023000 b3:02 127138     /usr/lib/jvm/java-7-openjdk-armhf/jre/lib/arm/libjava.so
75d62000-75d6e000 r-xp 00000000 b3:02 127154     /usr/lib/jvm/java-7-openjdk-armhf/jre/lib/arm/libverify.so
75d6e000-75d7e000 ---p 0000c000 b3:02 127154     /usr/lib/jvm/java-7-openjdk-armhf/jre/lib/arm/libverify.so
75d7e000-75d7f000 r--p 0000c000 b3:02 127154     /usr/lib/jvm/java-7-openjdk-armhf/jre/lib/arm/libverify.so
75d7f000-75d80000 rw-p 0000d000 b3:02 127154     /usr/lib/jvm/java-7-openjdk-armhf/jre/lib/arm/libverify.so
75d80000-75d86000 r-xp 00000000 b3:02 1958       /lib/arm-linux-gnueabihf/librt-2.19.so
75d86000-75d95000 ---p 00006000 b3:02 1958       /lib/arm-linux-gnueabihf/librt-2.19.so
75d95000-75d96000 r--p 00005000 b3:02 1958       /lib/arm-linux-gnueabihf/librt-2.19.so
75d96000-75d97000 rw-p 00006000 b3:02 1958       /lib/arm-linux-gnueabihf/librt-2.19.so
75d97000-75d9b000 ---p 00000000 00:00 0 
75d9b000-76737000 rwxp 00000000 00:00 0          [stack:7454]
76737000-76754000 r-xp 00000000 b3:02 1908       /lib/arm-linux-gnueabihf/libgcc_s.so.1
76754000-76763000 ---p 0001d000 b3:02 1908       /lib/arm-linux-gnueabihf/libgcc_s.so.1
76763000-76764000 rw-p 0001c000 b3:02 1908       /lib/arm-linux-gnueabihf/libgcc_s.so.1
76764000-767cd000 r-xp 00000000 b3:02 1921       /lib/arm-linux-gnueabihf/libm-2.19.so
767cd000-767dd000 ---p 00069000 b3:02 1921       /lib/arm-linux-gnueabihf/libm-2.19.so
767dd000-767de000 r--p 00069000 b3:02 1921       /lib/arm-linux-gnueabihf/libm-2.19.so
767de000-767df000 rw-p 0006a000 b3:02 1921       /lib/arm-linux-gnueabihf/libm-2.19.so
767df000-768a0000 r-xp 00000000 b3:02 9902       /usr/lib/arm-linux-gnueabihf/libstdc++.so.6.0.20
768a0000-768af000 ---p 000c1000 b3:02 9902       /usr/lib/arm-linux-gnueabihf/libstdc++.so.6.0.20
768af000-768b3000 r--p 000c0000 b3:02 9902       /usr/lib/arm-linux-gnueabihf/libstdc++.so.6.0.20
768b3000-768b5000 rw-p 000c4000 b3:02 9902       /usr/lib/arm-linux-gnueabihf/libstdc++.so.6.0.20
768b5000-768bb000 rw-p 00000000 00:00 0 
768bb000-76d4a000 r-xp 00000000 b3:02 127125     /usr/lib/jvm/java-7-openjdk-armhf/jre/lib/arm/server/libjvm.so
76d4a000-76d5a000 ---p 0048f000 b3:02 127125     /usr/lib/jvm/java-7-openjdk-armhf/jre/lib/arm/server/libjvm.so
76d5a000-76d69000 r--p 0048f000 b3:02 127125     /usr/lib/jvm/java-7-openjdk-armhf/jre/lib/arm/server/libjvm.so
76d69000-76d7a000 rw-p 0049e000 b3:02 127125     /usr/lib/jvm/java-7-openjdk-armhf/jre/lib/arm/server/libjvm.so
76d7a000-76dd6000 rw-p 00000000 00:00 0 
76dd6000-76dec000 r-xp 00000000 b3:02 1976       /lib/arm-linux-gnueabihf/libz.so.1.2.8
76dec000-76dfb000 ---p 00016000 b3:02 1976       /lib/arm-linux-gnueabihf/libz.so.1.2.8
76dfb000-76dfc000 r--p 00015000 b3:02 1976       /lib/arm-linux-gnueabihf/libz.so.1.2.8
76dfc000-76dfd000 rw-p 00016000 b3:02 1976       /lib/arm-linux-gnueabihf/libz.so.1.2.8
76dfd000-76f28000 r-xp 00000000 b3:02 1895       /lib/arm-linux-gnueabihf/libc-2.19.so
76f28000-76f38000 ---p 0012b000 b3:02 1895       /lib/arm-linux-gnueabihf/libc-2.19.so
76f38000-76f3a000 r--p 0012b000 b3:02 1895       /lib/arm-linux-gnueabihf/libc-2.19.so
76f3a000-76f3b000 rw-p 0012d000 b3:02 1895       /lib/arm-linux-gnueabihf/libc-2.19.so
76f3b000-76f3e000 rw-p 00000000 00:00 0 
76f3e000-76f40000 r-xp 00000000 b3:02 1903       /lib/arm-linux-gnueabihf/libdl-2.19.so
76f40000-76f4f000 ---p 00002000 b3:02 1903       /lib/arm-linux-gnueabihf/libdl-2.19.so
76f4f000-76f50000 r--p 00001000 b3:02 1903       /lib/arm-linux-gnueabihf/libdl-2.19.so
76f50000-76f51000 rw-p 00002000 b3:02 1903       /lib/arm-linux-gnueabihf/libdl-2.19.so
76f51000-76f5d000 r-xp 00000000 b3:02 127121     /usr/lib/jvm/java-7-openjdk-armhf/jre/lib/arm/jli/libjli.so
76f5d000-76f6d000 ---p 0000c000 b3:02 127121     /usr/lib/jvm/java-7-openjdk-armhf/jre/lib/arm/jli/libjli.so
76f6d000-76f6e000 r--p 0000c000 b3:02 127121     /usr/lib/jvm/java-7-openjdk-armhf/jre/lib/arm/jli/libjli.so
76f6e000-76f6f000 rw-p 0000d000 b3:02 127121     /usr/lib/jvm/java-7-openjdk-armhf/jre/lib/arm/jli/libjli.so
76f6f000-76f83000 r-xp 00000000 b3:02 1955       /lib/arm-linux-gnueabihf/libpthread-2.19.so
76f83000-76f93000 ---p 00014000 b3:02 1955       /lib/arm-linux-gnueabihf/libpthread-2.19.so
76f93000-76f94000 r--p 00014000 b3:02 1955       /lib/arm-linux-gnueabihf/libpthread-2.19.so
76f94000-76f95000 rw-p 00015000 b3:02 1955       /lib/arm-linux-gnueabihf/libpthread-2.19.so
76f95000-76f97000 rw-p 00000000 00:00 0 
76f99000-76f9a000 r--s 00000000 fe:01 131800     /opt/ext2/team5181-vision/vision/Server/build/jar/PiMain.jar
76f9a000-76f9d000 r--s 00087000 b3:02 127113     /usr/lib/jvm/java-7-openjdk-armhf/jre/lib/ext/localedata.jar
76f9d000-76fa1000 r--s 0003c000 b3:02 127111     /usr/lib/jvm/java-7-openjdk-armhf/jre/lib/ext/sunpkcs11.jar
76fa1000-76fa2000 r--s 00002000 b3:02 127112     /usr/lib/jvm/java-7-openjdk-armhf/jre/lib/ext/dnsns.jar
76fa2000-76fa4000 r--s 00006000 b3:02 125893     /usr/share/java/java-atk-wrapper.jar
76fa4000-76fa5000 r--s 00012000 b3:02 127115     /usr/lib/jvm/java-7-openjdk-armhf/jre/lib/ext/zipfs.jar
76fa5000-76fa8000 r--s 0000f000 b3:02 127116     /usr/lib/jvm/java-7-openjdk-armhf/jre/lib/ext/icedtea-sound.jar
76fa8000-76fad000 r-xp 00000000 b3:02 9802       /usr/lib/arm-linux-gnueabihf/libarmmem.so
76fad000-76fbc000 ---p 00005000 b3:02 9802       /usr/lib/arm-linux-gnueabihf/libarmmem.so
76fbc000-76fbd000 rw-p 00004000 b3:02 9802       /usr/lib/arm-linux-gnueabihf/libarmmem.so
76fbd000-76fdd000 r-xp 00000000 b3:02 1860       /lib/arm-linux-gnueabihf/ld-2.19.so
76fdd000-76fe5000 rw-s 00000000 b3:02 253213     /tmp/hsperfdata_root/7449
76fe5000-76fe6000 rw-p 00000000 00:00 0 
76fe6000-76fe7000 r--p 00000000 00:00 0 
76fe7000-76fec000 rw-p 00000000 00:00 0 
76fec000-76fed000 r--p 0001f000 b3:02 1860       /lib/arm-linux-gnueabihf/ld-2.19.so
76fed000-76fee000 rw-p 00020000 b3:02 1860       /lib/arm-linux-gnueabihf/ld-2.19.so
7eacf000-7eaf0000 rwxp 00000000 00:00 0          [stack]
7ebe3000-7ebe4000 r-xp 00000000 00:00 0          [sigpage]
7ebe4000-7ebe5000 r--p 00000000 00:00 0          [vvar]
7ebe5000-7ebe6000 r-xp 00000000 00:00 0          [vdso]
ffff0000-ffff1000 r-xp 00000000 00:00 0          [vectors]

VM Arguments:
jvm_args: -XX:+PrintCommandLineFlags -Djava.library.path=/usr/local/share/OpenCV/java 
java_command: server.PiMain
Launcher Type: SUN_STANDARD

Environment Variables:
PATH=/usr/local/sbin:/usr/local/bin:/usr/sbin:/usr/bin:/sbin:/bin
USERNAME=root
SHELL=/bin/bash

Signal Handlers:
SIGSEGV: [libjvm.so+0x439688], sa_mask[0]=0x7ffbfeff, sa_flags=0x10000004
SIGBUS: [libjvm.so+0x439688], sa_mask[0]=0x7ffbfeff, sa_flags=0x10000004
SIGFPE: [libjvm.so+0x362fdc], sa_mask[0]=0x7ffbfeff, sa_flags=0x10000004
SIGPIPE: [libjvm.so+0x362fdc], sa_mask[0]=0x7ffbfeff, sa_flags=0x10000004
SIGXFSZ: [libjvm.so+0x362fdc], sa_mask[0]=0x7ffbfeff, sa_flags=0x10000004
SIGILL: [libjvm.so+0x362fdc], sa_mask[0]=0x7ffbfeff, sa_flags=0x10000004
SIGUSR1: SIG_DFL, sa_mask[0]=0x00000000, sa_flags=0x00000000
SIGUSR2: [libjvm.so+0x362e54], sa_mask[0]=0x00000004, sa_flags=0x10000004
SIGHUP: [libjvm.so+0x36305c], sa_mask[0]=0x7ffbfeff, sa_flags=0x10000004
SIGINT: [libjvm.so+0x36305c], sa_mask[0]=0x7ffbfeff, sa_flags=0x10000004
SIGTERM: [libjvm.so+0x36305c], sa_mask[0]=0x7ffbfeff, sa_flags=0x10000004
SIGQUIT: [libjvm.so+0x36305c], sa_mask[0]=0x7ffbfeff, sa_flags=0x10000004
SIGTRAP: SIG_DFL, sa_mask[0]=0x00000000, sa_flags=0x00000000


---------------  S Y S T E M  ---------------

OS:8.0

uname:Linux 4.1.17-v7+ #838 SMP Tue Feb 9 13:15:09 GMT 2016 armv7l
libc:glibc 2.19 NPTL 2.19 
rlimit: STACK 8192k, CORE 0k, NPROC 7339, NOFILE 65536, AS infinity
load average:0.83 1.03 0.67

/proc/meminfo:
MemTotal:         948140 kB
MemFree:          435744 kB
MemAvailable:     821136 kB
Buffers:           51468 kB
Cached:           347192 kB
SwapCached:            4 kB
Active:           367948 kB
Inactive:         100436 kB
Active(anon):      47560 kB
Inactive(anon):    28648 kB
Active(file):     320388 kB
Inactive(file):    71788 kB
Unevictable:           0 kB
Mlocked:               0 kB
SwapTotal:        102396 kB
SwapFree:         102376 kB
Dirty:               116 kB
Writeback:            16 kB
AnonPages:         69996 kB
Mapped:            32336 kB
Shmem:              6296 kB
Slab:              31492 kB
SReclaimable:      23936 kB
SUnreclaim:         7556 kB
KernelStack:        1072 kB
PageTables:         1628 kB
NFS_Unstable:          0 kB
Bounce:                0 kB
WritebackTmp:          0 kB
CommitLimit:      576464 kB
Committed_AS:     215592 kB
VmallocTotal:    1105920 kB
VmallocUsed:        1212 kB
VmallocChunk:     901252 kB
CmaTotal:           8192 kB
CmaFree:               0 kB


CPU:total 4 

/proc/cpuinfo:
processor	: 0
model name	: ARMv7 Processor rev 5 (v7l)
BogoMIPS	: 57.60
Features	: half thumb fastmult vfp edsp neon vfpv3 tls vfpv4 idiva idivt vfpd32 lpae evtstrm 
CPU implementer	: 0x41
CPU architecture: 7
CPU variant	: 0x0
CPU part	: 0xc07
CPU revision	: 5

processor	: 1
model name	: ARMv7 Processor rev 5 (v7l)
BogoMIPS	: 57.60
Features	: half thumb fastmult vfp edsp neon vfpv3 tls vfpv4 idiva idivt vfpd32 lpae evtstrm 
CPU implementer	: 0x41
CPU architecture: 7
CPU variant	: 0x0
CPU part	: 0xc07
CPU revision	: 5

processor	: 2
model name	: ARMv7 Processor rev 5 (v7l)
BogoMIPS	: 57.60
Features	: half thumb fastmult vfp edsp neon vfpv3 tls vfpv4 idiva idivt vfpd32 lpae evtstrm 
CPU implementer	: 0x41
CPU architecture: 7
CPU variant	: 0x0
CPU part	: 0xc07
CPU revision	: 5

processor	: 3
model name	: ARMv7 Processor rev 5 (v7l)
BogoMIPS	: 57.60
Features	: half thumb fastmult vfp edsp neon vfpv3 tls vfpv4 idiva idivt vfpd32 lpae evtstrm 
CPU implementer	: 0x41
CPU architecture: 7
CPU variant	: 0x0
CPU part	: 0xc07
CPU revision	: 5

Hardware	: BCM2709
Revision	: a21041
Serial		: 00000000914e2cf2


Memory: 4k page, physical 948140k(435744k free), swap 102396k(102376k free)

vm_info: OpenJDK Zero VM (24.95-b01) for linux-arm-vfp JRE (1.7.0_95-b00), built on Jan 28 2016 19:18:42 by "autoforwardporter" with gcc 4.9.2

time: Mon Feb 29 13:05:25 2016
elapsed time: 1 seconds

