#
# A fatal error has been detected by the Java Runtime Environment:
#
#  Internal Error (os_linux_zero.cpp:285), pid=2471, tid=1978598496
#  fatal error: caught unhandled signal 8
#
# JRE version: OpenJDK Runtime Environment (7.0_95) (build 1.7.0_95-b00)
# Java VM: OpenJDK Zero VM (24.95-b01 mixed mode linux-arm )
# Derivative: IcedTea 2.6.4
# Distribution: Raspbian GNU/Linux 8.0 (jessie), package 7u95-2.6.4-1~deb8u1+rpi1
# Failed to write core dump. Core dumps have been disabled. To enable core dumping, try "ulimit -c unlimited" before starting Java again
#
# If you would like to submit a bug report, please include
# instructions on how to reproduce the bug and visit:
#   http://icedtea.classpath.org/bugzilla
# The crash happened outside the Java Virtual Machine in native code.
# See problematic frame for where to report the bug.
#

---------------  T H R E A D  ---------------

Current thread (0x75c05a70):  JavaThread "main" [_thread_in_native, id=2476, stack(0x75d52000,0x75ef1000)]

Stack: [0x75d52000,0x75ef1000],  sp=0x75e23fe4,  free space=839k
Java frames:
 0x75eef8e0: word[53]              = 0x00000002
 0x75eef8e4: word[52]              = 0x0000000c
 0x75eef8e8: word[51]              = 0x75eef910
 0x75eef8ec: word[50]              = 0x76d03b40
 0x75eef8f0: word[49]              = 0x00000058
 0x75eef8f4: word[48]              = 0x00000000
 0x75eef8f8: word[47]              = 0x0000ffff
 0x75eef8fc: word[46]              = 0x00080010
 0x75eef900: word[45]              = 0x06040200
 0x75eef904: word[44]              = 0x0e0c0a08
 0x75eef908: word[43]              = 0xffffffff
 0x75eef90c: word[42]              = 0xffffffff
 0x75eef910: word[41]              = 0x76d03ad4
 0x75eef914: word[40]              = 0x76d03ad4
 0x75eef918: word[39]              = 0x76d03ae0
 0x75eef91c: word[38]              = 0x76d03abc
 0x75eef920: word[37]              = 0x76d03abc
 0x75eef924: word[36]              = 0x76d03abc
 0x75eef928: word[35]              = 0x76d03abc
 0x75eef92c: word[34]              = 0x76d03abc
 0x75eef930: word[33]              = 0x76d03abc
 0x75eef934: word[32]              = 0x76d03abc
 0x75eef938: word[31]              = 0x76d03abc
 0x75eef93c: word[30]              = 0x76d03ae0
 0x75eef940: word[29]              = 0x76d03b40
 0x75eef944: word[28]              = 0x52a943e8
 0x75eef948: word[27]              = 0x00000000
 0x75eef94c: word[26]              = 0x00000001
 0x75eef950: word[25]              = 0x52a397d0
 0x75eef954: word[24]              = 0x52a397d0
 0x75eef958: word[23]              = 0x5169911c
 0x75eef95c: word[22]              = 0x00000000
 0x75eef960: word[21]              = 0x75e24b4c
 0x75eef964: word[20]              = 0x00000001
 0x75eef968: word[19]              = 0x75eef9b4
 0x75eef96c: istate->_thread       = 0x75c05a70
 0x75eef970: istate->_bcp          = 0x00000000
 0x75eef974: istate->_locals       = 0x75eefa04
 0x75eef978: istate->_constants    = 0x6fc00fb8
 0x75eef97c: istate->_method       = org.opencv.core.Core.inRange_0(JDDDDDDDDJ)V
 0x75eef980: istate->_mdx          = 0x00000000
 0x75eef984: istate->_stack        = 0x75eef95c
 0x75eef988: istate->_msg          = 0x00000000
 0x75eef98c: istate->_result       = 0x00000000
 0x75eef990: (istate->_result)     = 0x00000000
 0x75eef994: (istate->_result)     = 0x00000000
 0x75eef998: istate->_prev_link    = 0x75eef964
 0x75eef99c: istate->_oop_temp     = 0x52a7a578
 0x75eef9a0: istate->_stack_base   = 0x75eef96c
 0x75eef9a4: istate->_stack_limit  = 0x75eef968
 0x75eef9a8: istate->_monitor_base = 0x75eef96c
 0x75eef9ac: istate->_self_link    = 0x75eef96c
 0x75eef9b0: frame_type            = INTERPRETER_FRAME
 0x75eef9b4: next_frame            = 0x75eefa50

 0x75eef9b8: local[19]             = 0x4e286878
 0x75eef9bc: local[18]             = 0x00000000
 0x75eef9c0: local[17]             = 0x00000000
 0x75eef9c4: local[16]             = 0x00000000
 0x75eef9c8: local[15]             = 0x00000000
 0x75eef9cc: local[14]             = 0x406fe000
 0x75eef9d0: local[13]             = 0x00000000
 0x75eef9d4: local[12]             = 0x406fe000
 0x75eef9d8: local[11]             = 0x00000000
 0x75eef9dc: local[10]             = 0x406fe000
 0x75eef9e0: local[9]              = 0x00000000
 0x75eef9e4: local[8]              = 0x00000000
 0x75eef9e8: local[7]              = 0x00000000
 0x75eef9ec: local[6]              = 0x40614000
 0x75eef9f0: local[5]              = 0x00000000
 0x75eef9f4: local[4]              = 0x40612000
 0x75eef9f8: local[3]              = 0x00000000
 0x75eef9fc: local[2]              = 0x40638000
 0x75eefa00: local[1]              = 0x4e286690
 0x75eefa04: local[0]              = 0x00000000
 0x75eefa08: istate->_thread       = 0x75c05a70
 0x75eefa0c: istate->_bcp          = 0x6fbee0e0 (bci 56)
 0x75eefa10: istate->_locals       = 0x75eefa60
 0x75eefa14: istate->_constants    = 0x6fc00fb8
 0x75eefa18: istate->_method       = org.opencv.core.Core.inRange(Lorg/opencv/core/Mat;Lorg/opencv/core/Scalar;Lorg/opencv/core/Scalar;Lorg/opencv/core/Mat;)V
 0x75eefa1c: istate->_mdx          = 0x6fc2dec8
 0x75eefa20: istate->_stack        = 0x75eef9b4
 0x75eefa24: istate->_msg          = 0x00000000
 0x75eefa28: istate->_result       = 0x75eefa08
 0x75eefa2c: (istate->_result)     = 0x00000000
 0x75eefa30: (istate->_result)     = 0x00000000
 0x75eefa34: istate->_prev_link    = 0x6fa867f8
 0x75eefa38: istate->_oop_temp     = 0x00000000
 0x75eefa3c: istate->_stack_base   = 0x75eefa08
 0x75eefa40: istate->_stack_limit  = 0x75eef9b4
 0x75eefa44: istate->_monitor_base = 0x75eefa08
 0x75eefa48: istate->_self_link    = 0x75eefa08
 0x75eefa4c: frame_type            = INTERPRETER_FRAME
 0x75eefa50: next_frame            = 0x75eefaac

 0x75eefa54: local[3]              = 0x52aa3a30
 0x75eefa58: local[2]              = 0x52aa39f0
 0x75eefa5c: local[1]              = 0x52aa39b0
 0x75eefa60: local[0]              = 0x52aa0050
 0x75eefa64: istate->_thread       = 0x75c05a70
 0x75eefa68: istate->_bcp          = 0x6fbe62c6 (bci 14)
 0x75eefa6c: istate->_locals       = 0x75eefac0
 0x75eefa70: istate->_constants    = 0x6fbe6610
 0x75eefa74: istate->_method       = server.Vision.RGBThresh(Lorg/opencv/core/Mat;Lorg/opencv/core/Scalar;Lorg/opencv/core/Scalar;)Lorg/opencv/core/Mat;
 0x75eefa78: istate->_mdx          = 0x75eefa54
 0x75eefa7c: istate->_stack        = 0x75eefa50
 0x75eefa80: istate->_msg          = 0x00000000
 0x75eefa84: istate->_result       = 0x00000000
 0x75eefa88: (istate->_result)     = 0x52a50510
 0x75eefa8c: (istate->_result)     = 0x52aa3958
 0x75eefa90: istate->_prev_link    = 0x00000000
 0x75eefa94: istate->_oop_temp     = 0x00000000
 0x75eefa98: istate->_stack_base   = 0x75eefa64
 0x75eefa9c: istate->_stack_limit  = 0x75eefa50
 0x75eefaa0: istate->_monitor_base = 0x75eefa64
 0x75eefaa4: istate->_self_link    = 0x75eefa64
 0x75eefaa8: frame_type            = INTERPRETER_FRAME
 0x75eefaac: next_frame            = 0x75eefb0c

 0x75eefab0: local[4]              = 0x52aa3a30
 0x75eefab4: local[3]              = 0x52aa39f0
 0x75eefab8: local[2]              = 0x52aa39b0
 0x75eefabc: local[1]              = 0x52aa0050
 0x75eefac0: local[0]              = 0x52a54df0
 0x75eefac4: istate->_thread       = 0x75c05a70
 0x75eefac8: istate->_bcp          = 0x6fbe5f2e (bci 22)
 0x75eefacc: istate->_locals       = 0x75eefb28
 0x75eefad0: istate->_constants    = 0x6fbe6610
 0x75eefad4: istate->_method       = server.Vision.getBoulderCoord(Lorg/opencv/core/Mat;)[I
 0x75eefad8: istate->_mdx          = 0x6fc28870
 0x75eefadc: istate->_stack        = 0x75eefab0
 0x75eefae0: istate->_msg          = 0x00000000
 0x75eefae4: istate->_result       = 0x6fc288a8
 0x75eefae8: (istate->_result)     = 0x6fbf79d0
 0x75eefaec: (istate->_result)     = 0x75eefac0
 0x75eefaf0: istate->_prev_link    = 0x00000000
 0x75eefaf4: istate->_oop_temp     = 0x00000000
 0x75eefaf8: istate->_stack_base   = 0x75eefac4
 0x75eefafc: istate->_stack_limit  = 0x75eefa9c
 0x75eefb00: istate->_monitor_base = 0x75eefac4
 0x75eefb04: istate->_self_link    = 0x75eefac4
 0x75eefb08: frame_type            = INTERPRETER_FRAME
 0x75eefb0c: next_frame            = 0x75eefb74

 0x75eefb10: local[6]              = 0x00000000
 0x75eefb14: local[5]              = 0x00000000
 0x75eefb18: local[4]              = 0x00000000
 0x75eefb1c: local[3]              = 0x00000000
 0x75eefb20: local[2]              = 0x00000000
 0x75eefb24: local[1]              = 0x52aa0050
 0x75eefb28: local[0]              = 0x52a54df0
 0x75eefb2c: istate->_thread       = 0x75c05a70
 0x75eefb30: istate->_bcp          = 0x6fbe4e5c (bci 44)
 0x75eefb34: istate->_locals       = 0x75eefb8c
 0x75eefb38: istate->_constants    = 0x6fbe5460
 0x75eefb3c: istate->_method       = server.PiMain.main([Ljava/lang/String;)V
 0x75eefb40: istate->_mdx          = 0x73b5a140
 0x75eefb44: istate->_stack        = 0x75eefb20
 0x75eefb48: istate->_msg          = 0x00000000
 0x75eefb4c: istate->_result       = 0x00000000
 0x75eefb50: (istate->_result)     = 0x75c05a70
 0x75eefb54: (istate->_result)     = 0x75c05cb8
 0x75eefb58: istate->_prev_link    = 0x75c07538
 0x75eefb5c: istate->_oop_temp     = 0x00000000
 0x75eefb60: istate->_stack_base   = 0x75eefb2c
 0x75eefb64: istate->_stack_limit  = 0x75eefb1c
 0x75eefb68: istate->_monitor_base = 0x75eefb2c
 0x75eefb6c: istate->_self_link    = 0x75eefb2c
 0x75eefb70: frame_type            = INTERPRETER_FRAME
 0x75eefb74: next_frame            = 0x75eefb98

 0x75eefb78: local[5]              = 0x00000000
 0x75eefb7c: local[4]              = 0x52aa0050
 0x75eefb80: local[3]              = 0x52a9f8e8
 0x75eefb84: local[2]              = 0x52a96fe0
 0x75eefb88: local[1]              = 0x52a54df0
 0x75eefb8c: local[0]              = 0x52a51630
 0x75eefb90: call_wrapper          = 0x75eefc2c
 0x75eefb94: frame_type            = ENTRY_FRAME
 0x75eefb98: next_frame            = 0x00000000


---------------  P R O C E S S  ---------------

Java Threads: ( => current thread )
  0x4e278628 JavaThread "Thread-0" [_thread_in_native, id=2484, stack(0x4d678000,0x4d818000)]
  0x75c764f0 JavaThread "Service Thread" daemon [_thread_blocked, id=2481, stack(0x51860000,0x51a00000)]
  0x75c74ac0 JavaThread "Signal Dispatcher" daemon [_thread_blocked, id=2480, stack(0x51bd7000,0x51d77000)]
  0x75c63620 JavaThread "Finalizer" daemon [_thread_blocked, id=2479, stack(0x52060000,0x52200000)]
  0x75c620a8 JavaThread "Reference Handler" daemon [_thread_blocked, id=2478, stack(0x52360000,0x52500000)]
=>0x75c05a70 JavaThread "main" [_thread_in_native, id=2476, stack(0x75d52000,0x75ef1000)]

Other Threads:
  0x75c5f780 VMThread [stack: 0x52623000,0x526a2000] [id=2477]
  0x75c78188 WatcherThread [stack: 0x51b58000,0x51bd7000] [id=2482]

VM state:not at safepoint (normal execution)

VM Mutex/Monitor currently owned by a thread: None

Heap
 def new generation   total 4480K, used 654K [0x52a00000, 0x52ec0000, 0x5c4a0000)
  eden space 4096K,  15% used [0x52a00000, 0x52aa3ad0, 0x52e00000)
  from space 384K,   0% used [0x52e00000, 0x52e00000, 0x52e60000)
  to   space 384K,   0% used [0x52e60000, 0x52e60000, 0x52ec0000)
 tenured generation   total 9984K, used 0K [0x5c4a0000, 0x5ce60000, 0x6fa00000)
   the space 9984K,   0% used [0x5c4a0000, 0x5c4a0000, 0x5c4a0200, 0x5ce60000)
 compacting perm gen  total 4096K, used 2256K [0x6fa00000, 0x6fe00000, 0x73a00000)
   the space 4096K,  55% used [0x6fa00000, 0x6fc34390, 0x6fc34400, 0x6fe00000)
No shared spaces configured.

Card table byte_map: [0x528f7000,0x52a00000] byte_map_base: 0x52662000

Polling page: 0x76fa0000

Code Cache  [0x73b5a000, 0x73b82000, 0x75b5a000)
 total_blobs=146 nmethods=0 adapters=139 free_code_cache=32693Kb largest_free_block=33478528

Compilation events (0 events):
No events

GC Heap History (0 events):
No events

Deoptimization events (0 events):
No events

Internal exceptions (10 events):
Event: 0.424 Thread 0x75c05a70 Threw 0x52a44a80 at /build/openjdk-7-LyTTnT/openjdk-7-7u95-2.6.4/build/openjdk/hotspot/src/share/vm/prims/jvm.cpp:1322
Event: 0.426 Thread 0x75c05a70 Threw 0x52a46708 at /build/openjdk-7-LyTTnT/openjdk-7-7u95-2.6.4/build/openjdk/hotspot/src/share/vm/prims/jvm.cpp:1322
Event: 0.477 Thread 0x75c05a70 Threw 0x52a51e38 at /build/openjdk-7-LyTTnT/openjdk-7-7u95-2.6.4/build/openjdk/hotspot/src/share/vm/prims/jvm.cpp:1322
Event: 0.480 Thread 0x75c05a70 Threw 0x52a55760 at /build/openjdk-7-LyTTnT/openjdk-7-7u95-2.6.4/build/openjdk/hotspot/src/share/vm/prims/jvm.cpp:1322
Event: 0.496 Thread 0x75c05a70 Threw 0x52a7b0d8 at /build/openjdk-7-LyTTnT/openjdk-7-7u95-2.6.4/build/openjdk/hotspot/src/share/vm/prims/jvm.cpp:1322
Event: 0.502 Thread 0x75c05a70 Threw 0x52a8b9f0 at /build/openjdk-7-LyTTnT/openjdk-7-7u95-2.6.4/build/openjdk/hotspot/src/share/vm/prims/jvm.cpp:1322
Event: 0.505 Thread 0x75c05a70 Threw 0x52a8fde8 at /build/openjdk-7-LyTTnT/openjdk-7-7u95-2.6.4/build/openjdk/hotspot/src/share/vm/prims/jvm.cpp:1322
Event: 0.650 Thread 0x75c05a70 Threw 0x52a94e38 at /build/openjdk-7-LyTTnT/openjdk-7-7u95-2.6.4/build/openjdk/hotspot/src/share/vm/prims/jvm.cpp:1322
Event: 0.698 Thread 0x75c05a70 Threw 0x52a9c910 at /build/openjdk-7-LyTTnT/openjdk-7-7u95-2.6.4/build/openjdk/hotspot/src/share/vm/prims/jvm.cpp:1322
Event: 0.708 Thread 0x75c05a70 Threw 0x52aa0b38 at /build/openjdk-7-LyTTnT/openjdk-7-7u95-2.6.4/build/openjdk/hotspot/src/share/vm/prims/jvm.cpp:1322

Events (10 events):
Event: 0.704 loading class 0x75cd8ab8 done
Event: 0.704 loading class 0x75cd8a58 done
Event: 0.704 loading class 0x75cd8a88
Event: 0.704 loading class 0x75cd8a88 done
Event: 0.705 loading class 0x528da278
Event: 0.705 loading class 0x528da278 done
Event: 0.706 loading class 0x4e2680d8
Event: 0.708 loading class 0x75cc4ca8
Event: 0.708 loading class 0x75cc4ca8 done
Event: 0.708 loading class 0x4e2680d8 done


Dynamic libraries:
00010000-00011000 r-xp 00000000 b3:02 127208     /usr/lib/jvm/java-7-openjdk-armhf/jre/bin/java
00020000-00021000 r--p 00000000 b3:02 127208     /usr/lib/jvm/java-7-openjdk-armhf/jre/bin/java
00021000-00022000 rw-p 00001000 b3:02 127208     /usr/lib/jvm/java-7-openjdk-armhf/jre/bin/java
00e61000-00e82000 rw-p 00000000 00:00 0          [heap]
4d678000-4d67b000 ---p 00000000 00:00 0 
4d67b000-4d818000 rwxp 00000000 00:00 0          [stack:2484]
4d818000-4d9d9000 rw-p 00000000 00:00 0 
4d9d9000-4d9ef000 r-xp 00000000 b3:02 127150     /usr/lib/jvm/java-7-openjdk-armhf/jre/lib/arm/libnet.so
4d9ef000-4d9fe000 ---p 00016000 b3:02 127150     /usr/lib/jvm/java-7-openjdk-armhf/jre/lib/arm/libnet.so
4d9fe000-4d9ff000 r--p 00015000 b3:02 127150     /usr/lib/jvm/java-7-openjdk-armhf/jre/lib/arm/libnet.so
4d9ff000-4da00000 rw-p 00016000 b3:02 127150     /usr/lib/jvm/java-7-openjdk-armhf/jre/lib/arm/libnet.so
4da00000-4da01000 ---p 00000000 00:00 0 
4da01000-4e200000 rwxp 00000000 00:00 0          [stack:2483]
4e200000-4e291000 rw-p 00000000 00:00 0 
4e291000-4e300000 ---p 00000000 00:00 0 
4e321000-4e32f000 r-xp 00000000 b3:02 9904       /usr/lib/arm-linux-gnueabihf/libtasn1.so.6.3.2
4e32f000-4e33f000 ---p 0000e000 b3:02 9904       /usr/lib/arm-linux-gnueabihf/libtasn1.so.6.3.2
4e33f000-4e340000 r--p 0000e000 b3:02 9904       /usr/lib/arm-linux-gnueabihf/libtasn1.so.6.3.2
4e340000-4e341000 rw-p 0000f000 b3:02 9904       /usr/lib/arm-linux-gnueabihf/libtasn1.so.6.3.2
4e341000-4e36d000 r-xp 00000000 b3:02 9878       /usr/lib/arm-linux-gnueabihf/libp11-kit.so.0.0.0
4e36d000-4e37c000 ---p 0002c000 b3:02 9878       /usr/lib/arm-linux-gnueabihf/libp11-kit.so.0.0.0
4e37c000-4e381000 r--p 0002b000 b3:02 9878       /usr/lib/arm-linux-gnueabihf/libp11-kit.so.0.0.0
4e381000-4e382000 rw-p 00030000 b3:02 9878       /usr/lib/arm-linux-gnueabihf/libp11-kit.so.0.0.0
4e382000-4e3e3000 r-xp 00000000 b3:02 9839       /usr/lib/arm-linux-gnueabihf/libgmp.so.10.2.0
4e3e3000-4e3f2000 ---p 00061000 b3:02 9839       /usr/lib/arm-linux-gnueabihf/libgmp.so.10.2.0
4e3f2000-4e3f3000 r--p 00060000 b3:02 9839       /usr/lib/arm-linux-gnueabihf/libgmp.so.10.2.0
4e3f3000-4e3f4000 rw-p 00061000 b3:02 9839       /usr/lib/arm-linux-gnueabihf/libgmp.so.10.2.0
4e3f4000-4e423000 r-xp 00000000 b3:02 9873       /usr/lib/arm-linux-gnueabihf/libnettle.so.4.7
4e423000-4e432000 ---p 0002f000 b3:02 9873       /usr/lib/arm-linux-gnueabihf/libnettle.so.4.7
4e432000-4e433000 r--p 0002e000 b3:02 9873       /usr/lib/arm-linux-gnueabihf/libnettle.so.4.7
4e433000-4e434000 rw-p 0002f000 b3:02 9873       /usr/lib/arm-linux-gnueabihf/libnettle.so.4.7
4e434000-4e45b000 r-xp 00000000 b3:02 9846       /usr/lib/arm-linux-gnueabihf/libhogweed.so.2.5
4e45b000-4e46b000 ---p 00027000 b3:02 9846       /usr/lib/arm-linux-gnueabihf/libhogweed.so.2.5
4e46b000-4e46c000 r--p 00027000 b3:02 9846       /usr/lib/arm-linux-gnueabihf/libhogweed.so.2.5
4e46c000-4e46d000 rw-p 00028000 b3:02 9846       /usr/lib/arm-linux-gnueabihf/libhogweed.so.2.5
4e46d000-4e4d8000 r-xp 00000000 b3:02 38096      /usr/lib/arm-linux-gnueabihf/liborc-0.4.so.0.22.0
4e4d8000-4e4e8000 ---p 0006b000 b3:02 38096      /usr/lib/arm-linux-gnueabihf/liborc-0.4.so.0.22.0
4e4e8000-4e4e9000 r--p 0006b000 b3:02 38096      /usr/lib/arm-linux-gnueabihf/liborc-0.4.so.0.22.0
4e4e9000-4e4ed000 rw-p 0006c000 b3:02 38096      /usr/lib/arm-linux-gnueabihf/liborc-0.4.so.0.22.0
4e4ed000-4e4f2000 r-xp 00000000 b3:02 36318      /usr/lib/arm-linux-gnueabihf/libogg.so.0.8.2
4e4f2000-4e4f9000 ---p 00005000 b3:02 36318      /usr/lib/arm-linux-gnueabihf/libogg.so.0.8.2
4e4f9000-4e4fa000 r--p 00004000 b3:02 36318      /usr/lib/arm-linux-gnueabihf/libogg.so.0.8.2
4e4fa000-4e4fb000 rw-p 00005000 b3:02 36318      /usr/lib/arm-linux-gnueabihf/libogg.so.0.8.2
4e4fb000-4e507000 r-xp 00000000 b3:02 1970       /lib/arm-linux-gnueabihf/libudev.so.1.5.0
4e507000-4e516000 ---p 0000c000 b3:02 1970       /lib/arm-linux-gnueabihf/libudev.so.1.5.0
4e516000-4e517000 r--p 0000b000 b3:02 1970       /lib/arm-linux-gnueabihf/libudev.so.1.5.0
4e517000-4e518000 rw-p 0000c000 b3:02 1970       /lib/arm-linux-gnueabihf/libudev.so.1.5.0
4e518000-4e51c000 r-xp 00000000 b3:02 36103      /usr/lib/arm-linux-gnueabihf/libdatrie.so.1.3.1
4e51c000-4e523000 ---p 00004000 b3:02 36103      /usr/lib/arm-linux-gnueabihf/libdatrie.so.1.3.1
4e523000-4e524000 rw-p 00003000 b3:02 36103      /usr/lib/arm-linux-gnueabihf/libdatrie.so.1.3.1
4e524000-4e538000 r-xp 00000000 b3:02 36121      /usr/lib/arm-linux-gnueabihf/libgraphite2.so.3.0.1
4e538000-4e540000 ---p 00014000 b3:02 36121      /usr/lib/arm-linux-gnueabihf/libgraphite2.so.3.0.1
4e540000-4e542000 r--p 00014000 b3:02 36121      /usr/lib/arm-linux-gnueabihf/libgraphite2.so.3.0.1
4e542000-4e543000 rw-p 00016000 b3:02 36121      /usr/lib/arm-linux-gnueabihf/libgraphite2.so.3.0.1
4e543000-4e547000 r-xp 00000000 b3:02 9795       /usr/lib/arm-linux-gnueabihf/libXdmcp.so.6.0.0
4e547000-4e54e000 ---p 00004000 b3:02 9795       /usr/lib/arm-linux-gnueabihf/libXdmcp.so.6.0.0
4e54e000-4e54f000 rw-p 00003000 b3:02 9795       /usr/lib/arm-linux-gnueabihf/libXdmcp.so.6.0.0
4e54f000-4e551000 r-xp 00000000 b3:02 9794       /usr/lib/arm-linux-gnueabihf/libXau.so.6.0.0
4e551000-4e558000 ---p 00002000 b3:02 9794       /usr/lib/arm-linux-gnueabihf/libXau.so.6.0.0
4e558000-4e559000 r--p 00001000 b3:02 9794       /usr/lib/arm-linux-gnueabihf/libXau.so.6.0.0
4e559000-4e55a000 rw-p 00002000 b3:02 9794       /usr/lib/arm-linux-gnueabihf/libXau.so.6.0.0
4e55a000-4e569000 r-xp 00000000 b3:02 1894       /lib/arm-linux-gnueabihf/libbz2.so.1.0.4
4e569000-4e570000 ---p 0000f000 b3:02 1894       /lib/arm-linux-gnueabihf/libbz2.so.1.0.4
4e570000-4e571000 r--p 0000e000 b3:02 1894       /lib/arm-linux-gnueabihf/libbz2.so.1.0.4
4e571000-4e572000 rw-p 0000f000 b3:02 1894       /lib/arm-linux-gnueabihf/libbz2.so.1.0.4
4e572000-4e668000 r-xp 00000000 b3:02 9840       /usr/lib/arm-linux-gnueabihf/libgnutls-deb0.so.28.41.0
4e668000-4e678000 ---p 000f6000 b3:02 9840       /usr/lib/arm-linux-gnueabihf/libgnutls-deb0.so.28.41.0
4e678000-4e67d000 r--p 000f6000 b3:02 9840       /usr/lib/arm-linux-gnueabihf/libgnutls-deb0.so.28.41.0
4e67d000-4e67f000 rw-p 000fb000 b3:02 9840       /usr/lib/arm-linux-gnueabihf/libgnutls-deb0.so.28.41.0
4e67f000-4e696000 r-xp 00000000 b3:02 9894       /usr/lib/arm-linux-gnueabihf/librtmp.so.1
4e696000-4e6a6000 ---p 00017000 b3:02 9894       /usr/lib/arm-linux-gnueabihf/librtmp.so.1
4e6a6000-4e6a7000 r--p 00017000 b3:02 9894       /usr/lib/arm-linux-gnueabihf/librtmp.so.1
4e6a7000-4e6a8000 rw-p 00018000 b3:02 9894       /usr/lib/arm-linux-gnueabihf/librtmp.so.1
4e6a8000-4e6ba000 r-xp 00000000 b3:02 38136      /usr/lib/arm-linux-gnueabihf/libva.so.1.3600.0
4e6ba000-4e6ca000 ---p 00012000 b3:02 38136      /usr/lib/arm-linux-gnueabihf/libva.so.1.3600.0
4e6ca000-4e6cb000 r--p 00012000 b3:02 38136      /usr/lib/arm-linux-gnueabihf/libva.so.1.3600.0
4e6cb000-4e6cc000 rw-p 00013000 b3:02 38136      /usr/lib/arm-linux-gnueabihf/libva.so.1.3600.0
4e6cc000-4e6d6000 r-xp 00000000 b3:02 36934      /usr/lib/arm-linux-gnueabihf/libgsm.so.1.0.12
4e6d6000-4e6dd000 ---p 0000a000 b3:02 36934      /usr/lib/arm-linux-gnueabihf/libgsm.so.1.0.12
4e6dd000-4e6de000 rw-p 00009000 b3:02 36934      /usr/lib/arm-linux-gnueabihf/libgsm.so.1.0.12
4e6de000-4e719000 r-xp 00000000 b3:02 38061      /usr/lib/arm-linux-gnueabihf/libmp3lame.so.0.0.0
4e719000-4e728000 ---p 0003b000 b3:02 38061      /usr/lib/arm-linux-gnueabihf/libmp3lame.so.0.0.0
4e728000-4e729000 r--p 0003a000 b3:02 38061      /usr/lib/arm-linux-gnueabihf/libmp3lame.so.0.0.0
4e729000-4e72a000 rw-p 0003b000 b3:02 38061      /usr/lib/arm-linux-gnueabihf/libmp3lame.so.0.0.0
4e72a000-4e757000 rw-p 00000000 00:00 0 
4e757000-4e775000 r-xp 00000000 b3:02 38079      /usr/lib/arm-linux-gnueabihf/libopenjpeg.so.1.5.2
4e775000-4e784000 ---p 0001e000 b3:02 38079      /usr/lib/arm-linux-gnueabihf/libopenjpeg.so.1.5.2
4e784000-4e785000 r--p 0001d000 b3:02 38079      /usr/lib/arm-linux-gnueabihf/libopenjpeg.so.1.5.2
4e785000-4e786000 rw-p 0001e000 b3:02 38079      /usr/lib/arm-linux-gnueabihf/libopenjpeg.so.1.5.2
4e786000-4e7c3000 r-xp 00000000 b3:02 38089      /usr/lib/arm-linux-gnueabihf/libopus.so.0.5.0
4e7c3000-4e7d2000 ---p 0003d000 b3:02 38089      /usr/lib/arm-linux-gnueabihf/libopus.so.0.5.0
4e7d2000-4e7d3000 r--p 0003c000 b3:02 38089      /usr/lib/arm-linux-gnueabihf/libopus.so.0.5.0
4e7d3000-4e7d4000 rw-p 0003d000 b3:02 38089      /usr/lib/arm-linux-gnueabihf/libopus.so.0.5.0
4e7d4000-4e875000 r-xp 00000000 b3:02 38104      /usr/lib/arm-linux-gnueabihf/libschroedinger-1.0.so.0.11.0
4e875000-4e87d000 ---p 000a1000 b3:02 38104      /usr/lib/arm-linux-gnueabihf/libschroedinger-1.0.so.0.11.0
4e87d000-4e87e000 r--p 000a1000 b3:02 38104      /usr/lib/arm-linux-gnueabihf/libschroedinger-1.0.so.0.11.0
4e87e000-4e880000 rw-p 000a2000 b3:02 38104      /usr/lib/arm-linux-gnueabihf/libschroedinger-1.0.so.0.11.0
4e880000-4e895000 r-xp 00000000 b3:02 38110      /usr/lib/arm-linux-gnueabihf/libspeex.so.1.5.0
4e895000-4e8a4000 ---p 00015000 b3:02 38110      /usr/lib/arm-linux-gnueabihf/libspeex.so.1.5.0
4e8a4000-4e8a5000 r--p 00014000 b3:02 38110      /usr/lib/arm-linux-gnueabihf/libspeex.so.1.5.0
4e8a5000-4e8a6000 rw-p 00015000 b3:02 38110      /usr/lib/arm-linux-gnueabihf/libspeex.so.1.5.0
4e8a6000-4e8b8000 r-xp 00000000 b3:02 38121      /usr/lib/arm-linux-gnueabihf/libtheoradec.so.1.1.4
4e8b8000-4e8c7000 ---p 00012000 b3:02 38121      /usr/lib/arm-linux-gnueabihf/libtheoradec.so.1.1.4
4e8c7000-4e8c8000 r--p 00011000 b3:02 38121      /usr/lib/arm-linux-gnueabihf/libtheoradec.so.1.1.4
4e8c8000-4e8c9000 rw-p 00012000 b3:02 38121      /usr/lib/arm-linux-gnueabihf/libtheoradec.so.1.1.4
4e8c9000-4e8ff000 r-xp 00000000 b3:02 38122      /usr/lib/arm-linux-gnueabihf/libtheoraenc.so.1.1.2
4e8ff000-4e90e000 ---p 00036000 b3:02 38122      /usr/lib/arm-linux-gnueabihf/libtheoraenc.so.1.1.2
4e90e000-4e90f000 r--p 00035000 b3:02 38122      /usr/lib/arm-linux-gnueabihf/libtheoraenc.so.1.1.2
4e90f000-4e910000 rw-p 00036000 b3:02 38122      /usr/lib/arm-linux-gnueabihf/libtheoraenc.so.1.1.2
4e910000-4e937000 r-xp 00000000 b3:02 36330      /usr/lib/arm-linux-gnueabihf/libvorbis.so.0.4.7
4e937000-4e946000 ---p 00027000 b3:02 36330      /usr/lib/arm-linux-gnueabihf/libvorbis.so.0.4.7
4e946000-4e947000 r--p 00026000 b3:02 36330      /usr/lib/arm-linux-gnueabihf/libvorbis.so.0.4.7
4e947000-4e948000 rw-p 00027000 b3:02 36330      /usr/lib/arm-linux-gnueabihf/libvorbis.so.0.4.7
4e948000-4e9bd000 r-xp 00000000 b3:02 36916      /usr/lib/arm-linux-gnueabihf/libvorbisenc.so.2.0.10
4e9bd000-4e9cd000 ---p 00075000 b3:02 36916      /usr/lib/arm-linux-gnueabihf/libvorbisenc.so.2.0.10
4e9cd000-4e9d9000 r--p 00075000 b3:02 36916      /usr/lib/arm-linux-gnueabihf/libvorbisenc.so.2.0.10
4e9d9000-4e9da000 rw-p 00081000 b3:02 36916      /usr/lib/arm-linux-gnueabihf/libvorbisenc.so.2.0.10
4e9da000-4ea9c000 r-xp 00000000 b3:02 38144      /usr/lib/arm-linux-gnueabihf/libvpx.so.1.3.0
4ea9c000-4eaac000 ---p 000c2000 b3:02 38144      /usr/lib/arm-linux-gnueabihf/libvpx.so.1.3.0
4eaac000-4eaad000 r--p 000c2000 b3:02 38144      /usr/lib/arm-linux-gnueabihf/libvpx.so.1.3.0
4eaad000-4eaae000 rw-p 000c3000 b3:02 38144      /usr/lib/arm-linux-gnueabihf/libvpx.so.1.3.0
4eaae000-4eaf4000 rw-p 00000000 00:00 0 
4eaf4000-4ebc9000 r-xp 00000000 b3:02 38154      /usr/lib/arm-linux-gnueabihf/libx264.so.142
4ebc9000-4ebd8000 ---p 000d5000 b3:02 38154      /usr/lib/arm-linux-gnueabihf/libx264.so.142
4ebd8000-4ebd9000 r--p 000d4000 b3:02 38154      /usr/lib/arm-linux-gnueabihf/libx264.so.142
4ebd9000-4ebda000 rw-p 000d5000 b3:02 38154      /usr/lib/arm-linux-gnueabihf/libx264.so.142
4ebda000-4ec55000 rw-p 00000000 00:00 0 
4ec55000-4ecd9000 r-xp 00000000 b3:02 38159      /usr/lib/arm-linux-gnueabihf/libxvidcore.so.4.3
4ecd9000-4ece0000 ---p 00084000 b3:02 38159      /usr/lib/arm-linux-gnueabihf/libxvidcore.so.4.3
4ece0000-4ece1000 r--p 00083000 b3:02 38159      /usr/lib/arm-linux-gnueabihf/libxvidcore.so.4.3
4ece1000-4ece2000 rw-p 00084000 b3:02 38159      /usr/lib/arm-linux-gnueabihf/libxvidcore.so.4.3
4ece2000-4ed54000 rw-p 00000000 00:00 0 
4ed54000-4ed67000 r-xp 00000000 b3:02 1972       /lib/arm-linux-gnueabihf/libusb-1.0.so.0.1.0
4ed67000-4ed6e000 ---p 00013000 b3:02 1972       /lib/arm-linux-gnueabihf/libusb-1.0.so.0.1.0
4ed6e000-4ed6f000 r--p 00012000 b3:02 1972       /lib/arm-linux-gnueabihf/libusb-1.0.so.0.1.0
4ed6f000-4ed70000 rw-p 00013000 b3:02 1972       /lib/arm-linux-gnueabihf/libusb-1.0.so.0.1.0
4ed70000-4ed7a000 r-xp 00000000 b3:02 38332      /usr/lib/arm-linux-gnueabihf/libraw1394.so.11.1.0
4ed7a000-4ed82000 ---p 0000a000 b3:02 38332      /usr/lib/arm-linux-gnueabihf/libraw1394.so.11.1.0
4ed82000-4ed83000 r--p 0000a000 b3:02 38332      /usr/lib/arm-linux-gnueabihf/libraw1394.so.11.1.0
4ed83000-4ed84000 rw-p 0000b000 b3:02 38332      /usr/lib/arm-linux-gnueabihf/libraw1394.so.11.1.0
4ed84000-4eda3000 r-xp 00000000 b3:02 1906       /lib/arm-linux-gnueabihf/libexpat.so.1.6.0
4eda3000-4edb3000 ---p 0001f000 b3:02 1906       /lib/arm-linux-gnueabihf/libexpat.so.1.6.0
4edb3000-4edb5000 r--p 0001f000 b3:02 1906       /lib/arm-linux-gnueabihf/libexpat.so.1.6.0
4edb5000-4edb6000 rw-p 00021000 b3:02 1906       /lib/arm-linux-gnueabihf/libexpat.so.1.6.0
4edb6000-4ee18000 r-xp 00000000 b3:02 1947       /lib/arm-linux-gnueabihf/libpcre.so.3.13.1
4ee18000-4ee27000 ---p 00062000 b3:02 1947       /lib/arm-linux-gnueabihf/libpcre.so.3.13.1
4ee27000-4ee28000 r--p 00061000 b3:02 1947       /lib/arm-linux-gnueabihf/libpcre.so.3.13.1
4ee28000-4ee29000 rw-p 00062000 b3:02 1947       /lib/arm-linux-gnueabihf/libpcre.so.3.13.1
4ee29000-4ee2f000 r-xp 00000000 b3:02 9828       /usr/lib/arm-linux-gnueabihf/libffi.so.6.0.2
4ee2f000-4ee37000 ---p 00006000 b3:02 9828       /usr/lib/arm-linux-gnueabihf/libffi.so.6.0.2
4ee37000-4ee38000 r--p 00006000 b3:02 9828       /usr/lib/arm-linux-gnueabihf/libffi.so.6.0.2
4ee38000-4ee39000 rw-p 00007000 b3:02 9828       /usr/lib/arm-linux-gnueabihf/libffi.so.6.0.2
4ee39000-4ee40000 r-xp 00000000 b3:02 36109      /usr/lib/arm-linux-gnueabihf/libthai.so.0.2.0
4ee40000-4ee47000 ---p 00007000 b3:02 36109      /usr/lib/arm-linux-gnueabihf/libthai.so.0.2.0
4ee47000-4ee48000 r--p 00006000 b3:02 36109      /usr/lib/arm-linux-gnueabihf/libthai.so.0.2.0
4ee48000-4ee49000 rw-p 00007000 b3:02 36109      /usr/lib/arm-linux-gnueabihf/libthai.so.0.2.0
4ee49000-4ee94000 r-xp 00000000 b3:02 36129      /usr/lib/arm-linux-gnueabihf/libharfbuzz.so.0.935.0
4ee94000-4eea3000 ---p 0004b000 b3:02 36129      /usr/lib/arm-linux-gnueabihf/libharfbuzz.so.0.935.0
4eea3000-4eea4000 r--p 0004a000 b3:02 36129      /usr/lib/arm-linux-gnueabihf/libharfbuzz.so.0.935.0
4eea4000-4eea5000 rw-p 0004b000 b3:02 36129      /usr/lib/arm-linux-gnueabihf/libharfbuzz.so.0.935.0
4eea5000-4eeb7000 r-xp 00000000 b3:02 1957       /lib/arm-linux-gnueabihf/libresolv-2.19.so
4eeb7000-4eec6000 ---p 00012000 b3:02 1957       /lib/arm-linux-gnueabihf/libresolv-2.19.so
4eec6000-4eec7000 r--p 00011000 b3:02 1957       /lib/arm-linux-gnueabihf/libresolv-2.19.so
4eec7000-4eec8000 rw-p 00012000 b3:02 1957       /lib/arm-linux-gnueabihf/libresolv-2.19.so
4eec8000-4eeca000 rw-p 00000000 00:00 0 
4eeca000-4eee5000 r-xp 00000000 b3:02 1959       /lib/arm-linux-gnueabihf/libselinux.so.1
4eee5000-4eef4000 ---p 0001b000 b3:02 1959       /lib/arm-linux-gnueabihf/libselinux.so.1
4eef4000-4eef5000 r--p 0001a000 b3:02 1959       /lib/arm-linux-gnueabihf/libselinux.so.1
4eef5000-4eef6000 rw-p 0001b000 b3:02 1959       /lib/arm-linux-gnueabihf/libselinux.so.1
4eef6000-4eef7000 rw-p 00000000 00:00 0 
4eef7000-4ef0d000 r-xp 00000000 b3:02 9914       /usr/lib/arm-linux-gnueabihf/libxcb.so.1.1.0
4ef0d000-4ef14000 ---p 00016000 b3:02 9914       /usr/lib/arm-linux-gnueabihf/libxcb.so.1.1.0
4ef14000-4ef15000 r--p 00015000 b3:02 9914       /usr/lib/arm-linux-gnueabihf/libxcb.so.1.1.0
4ef15000-4ef16000 rw-p 00016000 b3:02 9914       /usr/lib/arm-linux-gnueabihf/libxcb.so.1.1.0
4ef16000-4ef1c000 r-xp 00000000 b3:02 35752      /usr/lib/arm-linux-gnueabihf/libxcb-render.so.0.0.0
4ef1c000-4ef23000 ---p 00006000 b3:02 35752      /usr/lib/arm-linux-gnueabihf/libxcb-render.so.0.0.0
4ef23000-4ef24000 r--p 00005000 b3:02 35752      /usr/lib/arm-linux-gnueabihf/libxcb-render.so.0.0.0
4ef24000-4ef25000 rw-p 00006000 b3:02 35752      /usr/lib/arm-linux-gnueabihf/libxcb-render.so.0.0.0
4ef25000-4ef27000 r-xp 00000000 b3:02 35758      /usr/lib/arm-linux-gnueabihf/libxcb-shm.so.0.0.0
4ef27000-4ef2e000 ---p 00002000 b3:02 35758      /usr/lib/arm-linux-gnueabihf/libxcb-shm.so.0.0.0
4ef2e000-4ef2f000 r--p 00001000 b3:02 35758      /usr/lib/arm-linux-gnueabihf/libxcb-shm.so.0.0.0
4ef2f000-4ef30000 rw-p 00002000 b3:02 35758      /usr/lib/arm-linux-gnueabihf/libxcb-shm.so.0.0.0
4ef30000-4efc8000 r-xp 00000000 b3:02 35746      /usr/lib/arm-linux-gnueabihf/libpixman-1.so.0.33.3
4efc8000-4efd7000 ---p 00098000 b3:02 35746      /usr/lib/arm-linux-gnueabihf/libpixman-1.so.0.33.3
4efd7000-4efdc000 r--p 00097000 b3:02 35746      /usr/lib/arm-linux-gnueabihf/libpixman-1.so.0.33.3
4efdc000-4efdd000 rw-p 0009c000 b3:02 35746      /usr/lib/arm-linux-gnueabihf/libpixman-1.so.0.33.3
4efdd000-4efeb000 r-xp 00000000 b3:02 9796       /usr/lib/arm-linux-gnueabihf/libXext.so.6.4.0
4efeb000-4effa000 ---p 0000e000 b3:02 9796       /usr/lib/arm-linux-gnueabihf/libXext.so.6.4.0
4effa000-4effb000 r--p 0000d000 b3:02 9796       /usr/lib/arm-linux-gnueabihf/libXext.so.6.4.0
4effb000-4effc000 rw-p 0000e000 b3:02 9796       /usr/lib/arm-linux-gnueabihf/libXext.so.6.4.0
4effc000-4f004000 r-xp 00000000 b3:02 36159      /usr/lib/arm-linux-gnueabihf/libXcursor.so.1.0.2
4f004000-4f00b000 ---p 00008000 b3:02 36159      /usr/lib/arm-linux-gnueabihf/libXcursor.so.1.0.2
4f00b000-4f00c000 r--p 00007000 b3:02 36159      /usr/lib/arm-linux-gnueabihf/libXcursor.so.1.0.2
4f00c000-4f00d000 rw-p 00008000 b3:02 36159      /usr/lib/arm-linux-gnueabihf/libXcursor.so.1.0.2
4f00d000-4f014000 r-xp 00000000 b3:02 36177      /usr/lib/arm-linux-gnueabihf/libXrandr.so.2.2.0
4f014000-4f01b000 ---p 00007000 b3:02 36177      /usr/lib/arm-linux-gnueabihf/libXrandr.so.2.2.0
4f01b000-4f01c000 r--p 00006000 b3:02 36177      /usr/lib/arm-linux-gnueabihf/libXrandr.so.2.2.0
4f01c000-4f01d000 rw-p 00007000 b3:02 36177      /usr/lib/arm-linux-gnueabihf/libXrandr.so.2.2.0
4f01d000-4f029000 r-xp 00000000 b3:02 15952      /usr/lib/arm-linux-gnueabihf/libXi.so.6.1.0
4f029000-4f030000 ---p 0000c000 b3:02 15952      /usr/lib/arm-linux-gnueabihf/libXi.so.6.1.0
4f030000-4f031000 r--p 0000b000 b3:02 15952      /usr/lib/arm-linux-gnueabihf/libXi.so.6.1.0
4f031000-4f032000 rw-p 0000c000 b3:02 15952      /usr/lib/arm-linux-gnueabihf/libXi.so.6.1.0
4f032000-4f034000 r-xp 00000000 b3:02 36171      /usr/lib/arm-linux-gnueabihf/libXinerama.so.1.0.0
4f034000-4f03b000 ---p 00002000 b3:02 36171      /usr/lib/arm-linux-gnueabihf/libXinerama.so.1.0.0
4f03b000-4f03c000 r--p 00001000 b3:02 36171      /usr/lib/arm-linux-gnueabihf/libXinerama.so.1.0.0
4f03c000-4f03d000 rw-p 00002000 b3:02 36171      /usr/lib/arm-linux-gnueabihf/libXinerama.so.1.0.0
4f03d000-4f045000 r-xp 00000000 b3:02 15978      /usr/lib/arm-linux-gnueabihf/libXrender.so.1.3.0
4f045000-4f04c000 ---p 00008000 b3:02 15978      /usr/lib/arm-linux-gnueabihf/libXrender.so.1.3.0
4f04c000-4f04d000 r--p 00007000 b3:02 15978      /usr/lib/arm-linux-gnueabihf/libXrender.so.1.3.0
4f04d000-4f04e000 rw-p 00008000 b3:02 15978      /usr/lib/arm-linux-gnueabihf/libXrender.so.1.3.0
4f04e000-4f052000 r-xp 00000000 b3:02 36153      /usr/lib/arm-linux-gnueabihf/libXfixes.so.3.1.0
4f052000-4f059000 ---p 00004000 b3:02 36153      /usr/lib/arm-linux-gnueabihf/libXfixes.so.3.1.0
4f059000-4f05a000 r--p 00003000 b3:02 36153      /usr/lib/arm-linux-gnueabihf/libXfixes.so.3.1.0
4f05a000-4f05b000 rw-p 00004000 b3:02 36153      /usr/lib/arm-linux-gnueabihf/libXfixes.so.3.1.0
4f05b000-4f166000 r-xp 00000000 b3:02 9793       /usr/lib/arm-linux-gnueabihf/libX11.so.6.3.0
4f166000-4f16d000 ---p 0010b000 b3:02 9793       /usr/lib/arm-linux-gnueabihf/libX11.so.6.3.0
4f16d000-4f16e000 r--p 0010a000 b3:02 9793       /usr/lib/arm-linux-gnueabihf/libX11.so.6.3.0
4f16e000-4f171000 rw-p 0010b000 b3:02 9793       /usr/lib/arm-linux-gnueabihf/libX11.so.6.3.0
4f171000-4f174000 r-xp 00000000 b3:02 9838       /usr/lib/arm-linux-gnueabihf/libgmodule-2.0.so.0.4200.1
4f174000-4f183000 ---p 00003000 b3:02 9838       /usr/lib/arm-linux-gnueabihf/libgmodule-2.0.so.0.4200.1
4f183000-4f184000 r--p 00002000 b3:02 9838       /usr/lib/arm-linux-gnueabihf/libgmodule-2.0.so.0.4200.1
4f184000-4f185000 rw-p 00003000 b3:02 9838       /usr/lib/arm-linux-gnueabihf/libgmodule-2.0.so.0.4200.1
4f185000-4f18f000 r-xp 00000000 b3:02 35776      /usr/lib/arm-linux-gnueabihf/libjbig.so.0
4f18f000-4f19e000 ---p 0000a000 b3:02 35776      /usr/lib/arm-linux-gnueabihf/libjbig.so.0
4f19e000-4f19f000 r--p 00009000 b3:02 35776      /usr/lib/arm-linux-gnueabihf/libjbig.so.0
4f19f000-4f1a2000 rw-p 0000a000 b3:02 35776      /usr/lib/arm-linux-gnueabihf/libjbig.so.0
4f1a2000-4f1c0000 r-xp 00000000 b3:02 1920       /lib/arm-linux-gnueabihf/liblzma.so.5.0.0
4f1c0000-4f1c7000 ---p 0001e000 b3:02 1920       /lib/arm-linux-gnueabihf/liblzma.so.5.0.0
4f1c7000-4f1c8000 r--p 0001d000 b3:02 1920       /lib/arm-linux-gnueabihf/liblzma.so.5.0.0
4f1c8000-4f1c9000 rw-p 0001e000 b3:02 1920       /lib/arm-linux-gnueabihf/liblzma.so.5.0.0
4f1c9000-4f1d7000 r-xp 00000000 b3:02 36885      /usr/lib/arm-linux-gnueabihf/libavresample.so.2.1.0
4f1d7000-4f1e6000 ---p 0000e000 b3:02 36885      /usr/lib/arm-linux-gnueabihf/libavresample.so.2.1.0
4f1e6000-4f1e7000 r--p 0000d000 b3:02 36885      /usr/lib/arm-linux-gnueabihf/libavresample.so.2.1.0
4f1e7000-4f1e8000 rw-p 0000e000 b3:02 36885      /usr/lib/arm-linux-gnueabihf/libavresample.so.2.1.0
4f1e8000-4f215000 r-xp 00000000 b3:02 38254      /usr/lib/arm-linux-gnueabihf/libswscale.so.3.0.0
4f215000-4f224000 ---p 0002d000 b3:02 38254      /usr/lib/arm-linux-gnueabihf/libswscale.so.3.0.0
4f224000-4f225000 r--p 0002c000 b3:02 38254      /usr/lib/arm-linux-gnueabihf/libswscale.so.3.0.0
4f225000-4f226000 rw-p 0002d000 b3:02 38254      /usr/lib/arm-linux-gnueabihf/libswscale.so.3.0.0
4f226000-4f24b000 r-xp 00000000 b3:02 36771      /usr/lib/arm-linux-gnueabihf/libavutil.so.54.3.0
4f24b000-4f25a000 ---p 00025000 b3:02 36771      /usr/lib/arm-linux-gnueabihf/libavutil.so.54.3.0
4f25a000-4f25b000 r--p 00024000 b3:02 36771      /usr/lib/arm-linux-gnueabihf/libavutil.so.54.3.0
4f25b000-4f25c000 rw-p 00025000 b3:02 36771      /usr/lib/arm-linux-gnueabihf/libavutil.so.54.3.0
4f25c000-4f260000 rw-p 00000000 00:00 0 
4f260000-4f379000 r-xp 00000000 b3:02 38172      /usr/lib/arm-linux-gnueabihf/libavformat.so.56.1.0
4f379000-4f388000 ---p 00119000 b3:02 38172      /usr/lib/arm-linux-gnueabihf/libavformat.so.56.1.0
4f388000-4f389000 r--p 00118000 b3:02 38172      /usr/lib/arm-linux-gnueabihf/libavformat.so.56.1.0
4f389000-4f390000 rw-p 00119000 b3:02 38172      /usr/lib/arm-linux-gnueabihf/libavformat.so.56.1.0
4f390000-4fa3c000 r-xp 00000000 b3:02 38165      /usr/lib/arm-linux-gnueabihf/libavcodec.so.56.1.0
4fa3c000-4fa4b000 ---p 006ac000 b3:02 38165      /usr/lib/arm-linux-gnueabihf/libavcodec.so.56.1.0
4fa4b000-4fa4c000 r--p 006ab000 b3:02 38165      /usr/lib/arm-linux-gnueabihf/libavcodec.so.56.1.0
4fa4c000-4fa5a000 rw-p 006ac000 b3:02 38165      /usr/lib/arm-linux-gnueabihf/libavcodec.so.56.1.0
4fa5a000-50043000 rw-p 00000000 00:00 0 
50043000-50074000 r-xp 00000000 b3:02 38492      /usr/lib/arm-linux-gnueabihf/libdc1394.so.22.1.10
50074000-50083000 ---p 00031000 b3:02 38492      /usr/lib/arm-linux-gnueabihf/libdc1394.so.22.1.10
50083000-50084000 r--p 00030000 b3:02 38492      /usr/lib/arm-linux-gnueabihf/libdc1394.so.22.1.10
50084000-50085000 rw-p 00031000 b3:02 38492      /usr/lib/arm-linux-gnueabihf/libdc1394.so.22.1.10
50085000-500c5000 rw-p 00000000 00:00 0 
500c5000-500c6000 r-xp 00000000 b3:02 9845       /usr/lib/arm-linux-gnueabihf/libgthread-2.0.so.0.4200.1
500c6000-500d5000 ---p 00001000 b3:02 9845       /usr/lib/arm-linux-gnueabihf/libgthread-2.0.so.0.4200.1
500d5000-500d6000 r--p 00000000 b3:02 9845       /usr/lib/arm-linux-gnueabihf/libgthread-2.0.so.0.4200.1
500d6000-500d7000 rw-p 00001000 b3:02 9845       /usr/lib/arm-linux-gnueabihf/libgthread-2.0.so.0.4200.1
500d7000-5015b000 r-xp 00000000 b3:02 9833       /usr/lib/arm-linux-gnueabihf/libfreetype.so.6.12.0
5015b000-5016a000 ---p 00084000 b3:02 9833       /usr/lib/arm-linux-gnueabihf/libfreetype.so.6.12.0
5016a000-5016e000 r--p 00083000 b3:02 9833       /usr/lib/arm-linux-gnueabihf/libfreetype.so.6.12.0
5016e000-5016f000 rw-p 00087000 b3:02 9833       /usr/lib/arm-linux-gnueabihf/libfreetype.so.6.12.0
5016f000-5019f000 r-xp 00000000 b3:02 35606      /usr/lib/arm-linux-gnueabihf/libfontconfig.so.1.8.0
5019f000-501a0000 r--p 00030000 b3:02 35606      /usr/lib/arm-linux-gnueabihf/libfontconfig.so.1.8.0
501a0000-501a1000 rw-p 00031000 b3:02 35606      /usr/lib/arm-linux-gnueabihf/libfontconfig.so.1.8.0
501a1000-50293000 r-xp 00000000 b3:02 1910       /lib/arm-linux-gnueabihf/libglib-2.0.so.0.4200.1
50293000-502a2000 ---p 000f2000 b3:02 1910       /lib/arm-linux-gnueabihf/libglib-2.0.so.0.4200.1
502a2000-502a3000 r--p 000f1000 b3:02 1910       /lib/arm-linux-gnueabihf/libglib-2.0.so.0.4200.1
502a3000-502a4000 rw-p 000f2000 b3:02 1910       /lib/arm-linux-gnueabihf/libglib-2.0.so.0.4200.1
502a4000-502ed000 r-xp 00000000 b3:02 9842       /usr/lib/arm-linux-gnueabihf/libgobject-2.0.so.0.4200.1
502ed000-502fc000 ---p 00049000 b3:02 9842       /usr/lib/arm-linux-gnueabihf/libgobject-2.0.so.0.4200.1
502fc000-502fd000 r--p 00048000 b3:02 9842       /usr/lib/arm-linux-gnueabihf/libgobject-2.0.so.0.4200.1
502fd000-502fe000 rw-p 00049000 b3:02 9842       /usr/lib/arm-linux-gnueabihf/libgobject-2.0.so.0.4200.1
502fe000-5033e000 r-xp 00000000 b3:02 36115      /usr/lib/arm-linux-gnueabihf/libpango-1.0.so.0.3600.8
5033e000-5033f000 r--p 00040000 b3:02 36115      /usr/lib/arm-linux-gnueabihf/libpango-1.0.so.0.3600.8
5033f000-50340000 rw-p 00041000 b3:02 36115      /usr/lib/arm-linux-gnueabihf/libpango-1.0.so.0.3600.8
50340000-50350000 r-xp 00000000 b3:02 36135      /usr/lib/arm-linux-gnueabihf/libpangoft2-1.0.so.0.3600.8
50350000-5035f000 ---p 00010000 b3:02 36135      /usr/lib/arm-linux-gnueabihf/libpangoft2-1.0.so.0.3600.8
5035f000-50360000 r--p 0000f000 b3:02 36135      /usr/lib/arm-linux-gnueabihf/libpangoft2-1.0.so.0.3600.8
50360000-50361000 rw-p 00010000 b3:02 36135      /usr/lib/arm-linux-gnueabihf/libpangoft2-1.0.so.0.3600.8
50361000-50499000 r-xp 00000000 b3:02 9837       /usr/lib/arm-linux-gnueabihf/libgio-2.0.so.0.4200.1
50499000-504a9000 ---p 00138000 b3:02 9837       /usr/lib/arm-linux-gnueabihf/libgio-2.0.so.0.4200.1
504a9000-504ab000 r--p 00138000 b3:02 9837       /usr/lib/arm-linux-gnueabihf/libgio-2.0.so.0.4200.1
504ab000-504ad000 rw-p 0013a000 b3:02 9837       /usr/lib/arm-linux-gnueabihf/libgio-2.0.so.0.4200.1
504ad000-504ae000 rw-p 00000000 00:00 0 
504ae000-504cc000 r-xp 00000000 b3:02 35886      /usr/lib/arm-linux-gnueabihf/libgdk_pixbuf-2.0.so.0.3100.1
504cc000-504db000 ---p 0001e000 b3:02 35886      /usr/lib/arm-linux-gnueabihf/libgdk_pixbuf-2.0.so.0.3100.1
504db000-504dc000 r--p 0001d000 b3:02 35886      /usr/lib/arm-linux-gnueabihf/libgdk_pixbuf-2.0.so.0.3100.1
504dc000-504dd000 rw-p 0001e000 b3:02 35886      /usr/lib/arm-linux-gnueabihf/libgdk_pixbuf-2.0.so.0.3100.1
504dd000-505bb000 r-xp 00000000 b3:02 35764      /usr/lib/arm-linux-gnueabihf/libcairo.so.2.11400.0
505bb000-505ca000 ---p 000de000 b3:02 35764      /usr/lib/arm-linux-gnueabihf/libcairo.so.2.11400.0
505ca000-505cc000 r--p 000dd000 b3:02 35764      /usr/lib/arm-linux-gnueabihf/libcairo.so.2.11400.0
505cc000-505cd000 rw-p 000df000 b3:02 35764      /usr/lib/arm-linux-gnueabihf/libcairo.so.2.11400.0
505cd000-505ce000 rw-p 00000000 00:00 0 
505ce000-505e9000 r-xp 00000000 b3:02 35739      /usr/lib/arm-linux-gnueabihf/libatk-1.0.so.0.21409.1
505e9000-505f9000 ---p 0001b000 b3:02 35739      /usr/lib/arm-linux-gnueabihf/libatk-1.0.so.0.21409.1
505f9000-505fa000 r--p 0001b000 b3:02 35739      /usr/lib/arm-linux-gnueabihf/libatk-1.0.so.0.21409.1
505fa000-505fb000 rw-p 0001c000 b3:02 35739      /usr/lib/arm-linux-gnueabihf/libatk-1.0.so.0.21409.1
505fb000-5068d000 r-xp 00000000 b3:02 36184      /usr/lib/arm-linux-gnueabihf/libgdk-x11-2.0.so.0.2400.25
5068d000-5069c000 ---p 00092000 b3:02 36184      /usr/lib/arm-linux-gnueabihf/libgdk-x11-2.0.so.0.2400.25
5069c000-5069e000 r--p 00091000 b3:02 36184      /usr/lib/arm-linux-gnueabihf/libgdk-x11-2.0.so.0.2400.25
5069e000-5069f000 rw-p 00093000 b3:02 36184      /usr/lib/arm-linux-gnueabihf/libgdk-x11-2.0.so.0.2400.25
5069f000-50a4b000 r-xp 00000000 b3:02 36183      /usr/lib/arm-linux-gnueabihf/libgtk-x11-2.0.so.0.2400.25
50a4b000-50a5a000 ---p 003ac000 b3:02 36183      /usr/lib/arm-linux-gnueabihf/libgtk-x11-2.0.so.0.2400.25
50a5a000-50a5e000 r--p 003ab000 b3:02 36183      /usr/lib/arm-linux-gnueabihf/libgtk-x11-2.0.so.0.2400.25
50a5e000-50a61000 rw-p 003af000 b3:02 36183      /usr/lib/arm-linux-gnueabihf/libgtk-x11-2.0.so.0.2400.25
50a61000-50a62000 rw-p 00000000 00:00 0 
50a62000-50aa5000 r-xp 00000000 b3:02 35770      /usr/lib/arm-linux-gnueabihf/libjasper.so.1.0.0
50aa5000-50ab4000 ---p 00043000 b3:02 35770      /usr/lib/arm-linux-gnueabihf/libjasper.so.1.0.0
50ab4000-50ab5000 r--p 00042000 b3:02 35770      /usr/lib/arm-linux-gnueabihf/libjasper.so.1.0.0
50ab5000-50ab8000 rw-p 00043000 b3:02 35770      /usr/lib/arm-linux-gnueabihf/libjasper.so.1.0.0
50ab8000-50abe000 rw-p 00000000 00:00 0 
50abe000-50b22000 r-xp 00000000 b3:02 35782      /usr/lib/arm-linux-gnueabihf/libtiff.so.5.2.0
50b22000-50b32000 ---p 00064000 b3:02 35782      /usr/lib/arm-linux-gnueabihf/libtiff.so.5.2.0
50b32000-50b33000 r--p 00064000 b3:02 35782      /usr/lib/arm-linux-gnueabihf/libtiff.so.5.2.0
50b33000-50b35000 rw-p 00065000 b3:02 35782      /usr/lib/arm-linux-gnueabihf/libtiff.so.5.2.0
50b35000-50b36000 rw-p 00000000 00:00 0 
50b36000-50c57000 r-xp 00000000 b3:02 40054      /usr/local/lib/libopencv_calib3d.so.3.1.0
50c57000-50c66000 ---p 00121000 b3:02 40054      /usr/local/lib/libopencv_calib3d.so.3.1.0
50c66000-50c68000 rw-p 00120000 b3:02 40054      /usr/local/lib/libopencv_calib3d.so.3.1.0
50c68000-50cf6000 r-xp 00000000 b3:02 40051      /usr/local/lib/libopencv_features2d.so.3.1.0
50cf6000-50d05000 ---p 0008e000 b3:02 40051      /usr/local/lib/libopencv_features2d.so.3.1.0
50d05000-50d08000 rw-p 0008d000 b3:02 40051      /usr/local/lib/libopencv_features2d.so.3.1.0
50d08000-50e42000 r-xp 00000000 b3:02 39692      /usr/local/lib/libopencv_imgcodecs.so.3.1.0
50e42000-50e51000 ---p 0013a000 b3:02 39692      /usr/local/lib/libopencv_imgcodecs.so.3.1.0
50e51000-50e55000 rw-p 00139000 b3:02 39692      /usr/local/lib/libopencv_imgcodecs.so.3.1.0
50e55000-50e58000 rw-p 00000000 00:00 0 
50e58000-50eaa000 r-xp 00000000 b3:02 39608      /usr/local/lib/libopencv_video.so.3.1.0
50eaa000-50eba000 ---p 00052000 b3:02 39608      /usr/local/lib/libopencv_video.so.3.1.0
50eba000-50ebb000 rw-p 00052000 b3:02 39608      /usr/local/lib/libopencv_video.so.3.1.0
50ebb000-50f64000 r-xp 00000000 b3:02 38253      /usr/local/lib/libopencv_photo.so.3.1.0
50f64000-50f73000 ---p 000a9000 b3:02 38253      /usr/local/lib/libopencv_photo.so.3.1.0
50f73000-50f75000 rw-p 000a8000 b3:02 38253      /usr/local/lib/libopencv_photo.so.3.1.0
50f75000-50ffb000 r-xp 00000000 b3:02 38157      /usr/local/lib/libopencv_ml.so.3.1.0
50ffb000-5100b000 ---p 00086000 b3:02 38157      /usr/local/lib/libopencv_ml.so.3.1.0
5100b000-5100d000 rw-p 00086000 b3:02 38157      /usr/local/lib/libopencv_ml.so.3.1.0
5100d000-5123a000 r-xp 00000000 b3:02 32957      /usr/local/lib/libopencv_imgproc.so.3.1.0
5123a000-51249000 ---p 0022d000 b3:02 32957      /usr/local/lib/libopencv_imgproc.so.3.1.0
51249000-51251000 rw-p 0022c000 b3:02 32957      /usr/local/lib/libopencv_imgproc.so.3.1.0
51251000-512df000 rw-p 00000000 00:00 0 
512df000-514ec000 r-xp 00000000 b3:02 15633      /usr/local/lib/libopencv_core.so.3.1.0
514ec000-514fb000 ---p 0020d000 b3:02 15633      /usr/local/lib/libopencv_core.so.3.1.0
514fb000-514ff000 rw-p 0020c000 b3:02 15633      /usr/local/lib/libopencv_core.so.3.1.0
514ff000-51500000 rw-p 00000000 00:00 0 
51500000-51521000 rw-p 00000000 00:00 0 
51521000-51600000 ---p 00000000 00:00 0 
51605000-51607000 r-xp 00000000 b3:02 36165      /usr/lib/arm-linux-gnueabihf/libXdamage.so.1.1.0
51607000-5160e000 ---p 00002000 b3:02 36165      /usr/lib/arm-linux-gnueabihf/libXdamage.so.1.1.0
5160e000-5160f000 r--p 00001000 b3:02 36165      /usr/lib/arm-linux-gnueabihf/libXdamage.so.1.1.0
5160f000-51610000 rw-p 00002000 b3:02 36165      /usr/lib/arm-linux-gnueabihf/libXdamage.so.1.1.0
51610000-51619000 r-xp 00000000 b3:02 36141      /usr/lib/arm-linux-gnueabihf/libpangocairo-1.0.so.0.3600.8
51619000-51628000 ---p 00009000 b3:02 36141      /usr/lib/arm-linux-gnueabihf/libpangocairo-1.0.so.0.3600.8
51628000-51629000 r--p 00008000 b3:02 36141      /usr/lib/arm-linux-gnueabihf/libpangocairo-1.0.so.0.3600.8
51629000-5162a000 rw-p 00009000 b3:02 36141      /usr/lib/arm-linux-gnueabihf/libpangocairo-1.0.so.0.3600.8
5162a000-51649000 r-xp 00000000 b3:02 1952       /lib/arm-linux-gnueabihf/libpng12.so.0.50.0
51649000-51658000 ---p 0001f000 b3:02 1952       /lib/arm-linux-gnueabihf/libpng12.so.0.50.0
51658000-51659000 r--p 0001e000 b3:02 1952       /lib/arm-linux-gnueabihf/libpng12.so.0.50.0
51659000-5165a000 rw-p 0001f000 b3:02 1952       /lib/arm-linux-gnueabihf/libpng12.so.0.50.0
5165a000-516ef000 r-xp 00000000 b3:02 251380     /usr/local/share/OpenCV/java/libopencv_java310.so
516ef000-516ff000 ---p 00095000 b3:02 251380     /usr/local/share/OpenCV/java/libopencv_java310.so
516ff000-51700000 rw-p 00095000 b3:02 251380     /usr/local/share/OpenCV/java/libopencv_java310.so
51700000-51721000 rw-p 00000000 00:00 0 
51721000-51800000 ---p 00000000 00:00 0 
51800000-5184f000 r-xp 00000000 b3:02 40040      /usr/local/lib/libopencv_objdetect.so.3.1.0
5184f000-5185f000 ---p 0004f000 b3:02 40040      /usr/local/lib/libopencv_objdetect.so.3.1.0
5185f000-51860000 rw-p 0004f000 b3:02 40040      /usr/local/lib/libopencv_objdetect.so.3.1.0
51860000-51863000 ---p 00000000 00:00 0 
51863000-51a00000 rwxp 00000000 00:00 0          [stack:2481]
51a00000-51a21000 rw-p 00000000 00:00 0 
51a21000-51b00000 ---p 00000000 00:00 0 
51b02000-51b36000 r-xp 00000000 b3:02 9858       /usr/lib/arm-linux-gnueabihf/libjpeg.so.62.1.0
51b36000-51b45000 ---p 00034000 b3:02 9858       /usr/lib/arm-linux-gnueabihf/libjpeg.so.62.1.0
51b45000-51b46000 r--p 00033000 b3:02 9858       /usr/lib/arm-linux-gnueabihf/libjpeg.so.62.1.0
51b46000-51b47000 rw-p 00034000 b3:02 9858       /usr/lib/arm-linux-gnueabihf/libjpeg.so.62.1.0
51b47000-51b57000 rw-p 00000000 00:00 0 
51b57000-51b58000 ---p 00000000 00:00 0 
51b58000-51bd7000 rwxp 00000000 00:00 0          [stack:2482]
51bd7000-51bda000 ---p 00000000 00:00 0 
51bda000-51d77000 rwxp 00000000 00:00 0          [stack:2480]
51d77000-51f00000 r--p 00000000 b3:02 11047      /usr/lib/locale/locale-archive
51f00000-51f21000 rw-p 00000000 00:00 0 
51f21000-52000000 ---p 00000000 00:00 0 
52002000-52004000 r-xp 00000000 b3:02 36147      /usr/lib/arm-linux-gnueabihf/libXcomposite.so.1.0.0
52004000-5200b000 ---p 00002000 b3:02 36147      /usr/lib/arm-linux-gnueabihf/libXcomposite.so.1.0.0
5200b000-5200c000 r--p 00001000 b3:02 36147      /usr/lib/arm-linux-gnueabihf/libXcomposite.so.1.0.0
5200c000-5200d000 rw-p 00002000 b3:02 36147      /usr/lib/arm-linux-gnueabihf/libXcomposite.so.1.0.0
5200d000-5204f000 r-xp 00000000 b3:02 32939      /usr/local/lib/libopencv_flann.so.3.1.0
5204f000-5205e000 ---p 00042000 b3:02 32939      /usr/local/lib/libopencv_flann.so.3.1.0
5205e000-52060000 rw-p 00041000 b3:02 32939      /usr/local/lib/libopencv_flann.so.3.1.0
52060000-52063000 ---p 00000000 00:00 0 
52063000-52200000 rwxp 00000000 00:00 0          [stack:2479]
52200000-52221000 rw-p 00000000 00:00 0 
52221000-52300000 ---p 00000000 00:00 0 
52300000-52324000 r-xp 00000000 b3:02 40016      /usr/local/lib/libopencv_videoio.so.3.1.0
52324000-52334000 ---p 00024000 b3:02 40016      /usr/local/lib/libopencv_videoio.so.3.1.0
52334000-52335000 rw-p 00024000 b3:02 40016      /usr/local/lib/libopencv_videoio.so.3.1.0
52335000-52360000 rw-p 00000000 00:00 0 
52360000-52363000 ---p 00000000 00:00 0 
52363000-52500000 rwxp 00000000 00:00 0          [stack:2478]
52500000-52521000 rw-p 00000000 00:00 0 
52521000-52600000 ---p 00000000 00:00 0 
52608000-52611000 r-xp 00000000 b3:02 40028      /usr/local/lib/libopencv_highgui.so.3.1.0
52611000-52621000 ---p 00009000 b3:02 40028      /usr/local/lib/libopencv_highgui.so.3.1.0
52621000-52622000 rw-p 00009000 b3:02 40028      /usr/local/lib/libopencv_highgui.so.3.1.0
52622000-52623000 ---p 00000000 00:00 0 
52623000-526a2000 rwxp 00000000 00:00 0          [stack:2477]
526a2000-526eb000 rw-p 00000000 00:00 0 
526eb000-5289c000 r--s 01ceb000 b3:02 127105     /usr/lib/jvm/java-7-openjdk-armhf/jre/lib/rt.jar
5289c000-528fa000 rw-p 00000000 00:00 0 
528fa000-52944000 rw-p 00000000 00:00 0 
52944000-5294a000 rw-p 00000000 00:00 0 
5294a000-529df000 rw-p 00000000 00:00 0 
529df000-529e1000 rw-p 00000000 00:00 0 
529e1000-529ff000 rw-p 00000000 00:00 0 
529ff000-52ec0000 rw-p 00000000 00:00 0 
52ec0000-5c4a0000 rw-p 00000000 00:00 0 
5c4a0000-5ce60000 rw-p 00000000 00:00 0 
5ce60000-6fa00000 rw-p 00000000 00:00 0 
6fa00000-6fe00000 rw-p 00000000 00:00 0 
6fe00000-73a00000 rw-p 00000000 00:00 0 
73a01000-73a08000 r--s 00000000 b3:02 10195      /usr/lib/arm-linux-gnueabihf/gconv/gconv-modules.cache
73a19000-73a1e000 r--s 00048000 b3:02 251379     /usr/local/share/OpenCV/java/opencv-310.jar
73a1e000-73a21000 rw-p 00000000 00:00 0 
73a21000-73a3f000 rw-p 00000000 00:00 0 
73a3f000-73a44000 rw-p 00000000 00:00 0 
73a44000-73ada000 rw-p 00000000 00:00 0 
73ada000-73adb000 rw-p 00000000 00:00 0 
73adb000-73b5a000 rw-p 00000000 00:00 0 
73b5a000-73b82000 rwxp 00000000 00:00 0 
73b82000-75b5a000 rw-p 00000000 00:00 0 
75b5a000-75b61000 r-xp 00000000 b3:02 127155     /usr/lib/jvm/java-7-openjdk-armhf/jre/lib/arm/libzip.so
75b61000-75b70000 ---p 00007000 b3:02 127155     /usr/lib/jvm/java-7-openjdk-armhf/jre/lib/arm/libzip.so
75b70000-75b71000 r--p 00006000 b3:02 127155     /usr/lib/jvm/java-7-openjdk-armhf/jre/lib/arm/libzip.so
75b71000-75b72000 rw-p 00007000 b3:02 127155     /usr/lib/jvm/java-7-openjdk-armhf/jre/lib/arm/libzip.so
75b72000-75b7d000 r-xp 00000000 b3:02 1932       /lib/arm-linux-gnueabihf/libnss_files-2.19.so
75b7d000-75b8c000 ---p 0000b000 b3:02 1932       /lib/arm-linux-gnueabihf/libnss_files-2.19.so
75b8c000-75b8d000 r--p 0000a000 b3:02 1932       /lib/arm-linux-gnueabihf/libnss_files-2.19.so
75b8d000-75b8e000 rw-p 0000b000 b3:02 1932       /lib/arm-linux-gnueabihf/libnss_files-2.19.so
75b8e000-75b97000 r-xp 00000000 b3:02 1940       /lib/arm-linux-gnueabihf/libnss_nis-2.19.so
75b97000-75ba6000 ---p 00009000 b3:02 1940       /lib/arm-linux-gnueabihf/libnss_nis-2.19.so
75ba6000-75ba7000 r--p 00008000 b3:02 1940       /lib/arm-linux-gnueabihf/libnss_nis-2.19.so
75ba7000-75ba8000 rw-p 00009000 b3:02 1940       /lib/arm-linux-gnueabihf/libnss_nis-2.19.so
75ba8000-75bb9000 r-xp 00000000 b3:02 1929       /lib/arm-linux-gnueabihf/libnsl-2.19.so
75bb9000-75bc8000 ---p 00011000 b3:02 1929       /lib/arm-linux-gnueabihf/libnsl-2.19.so
75bc8000-75bc9000 r--p 00010000 b3:02 1929       /lib/arm-linux-gnueabihf/libnsl-2.19.so
75bc9000-75bca000 rw-p 00011000 b3:02 1929       /lib/arm-linux-gnueabihf/libnsl-2.19.so
75bca000-75bcc000 rw-p 00000000 00:00 0 
75bcc000-75bef000 r-xp 00000000 b3:02 127138     /usr/lib/jvm/java-7-openjdk-armhf/jre/lib/arm/libjava.so
75bef000-75bfe000 ---p 00023000 b3:02 127138     /usr/lib/jvm/java-7-openjdk-armhf/jre/lib/arm/libjava.so
75bfe000-75bff000 r--p 00022000 b3:02 127138     /usr/lib/jvm/java-7-openjdk-armhf/jre/lib/arm/libjava.so
75bff000-75c00000 rw-p 00023000 b3:02 127138     /usr/lib/jvm/java-7-openjdk-armhf/jre/lib/arm/libjava.so
75c00000-75d00000 rw-p 00000000 00:00 0 
75d00000-75d04000 r--s 00033000 b3:02 127114     /usr/lib/jvm/java-7-openjdk-armhf/jre/lib/ext/sunjce_provider.jar
75d04000-75d0b000 r-xp 00000000 b3:02 1930       /lib/arm-linux-gnueabihf/libnss_compat-2.19.so
75d0b000-75d1a000 ---p 00007000 b3:02 1930       /lib/arm-linux-gnueabihf/libnss_compat-2.19.so
75d1a000-75d1b000 r--p 00006000 b3:02 1930       /lib/arm-linux-gnueabihf/libnss_compat-2.19.so
75d1b000-75d1c000 rw-p 00007000 b3:02 1930       /lib/arm-linux-gnueabihf/libnss_compat-2.19.so
75d1c000-75d28000 r-xp 00000000 b3:02 127154     /usr/lib/jvm/java-7-openjdk-armhf/jre/lib/arm/libverify.so
75d28000-75d38000 ---p 0000c000 b3:02 127154     /usr/lib/jvm/java-7-openjdk-armhf/jre/lib/arm/libverify.so
75d38000-75d39000 r--p 0000c000 b3:02 127154     /usr/lib/jvm/java-7-openjdk-armhf/jre/lib/arm/libverify.so
75d39000-75d3a000 rw-p 0000d000 b3:02 127154     /usr/lib/jvm/java-7-openjdk-armhf/jre/lib/arm/libverify.so
75d3a000-75d40000 r-xp 00000000 b3:02 1958       /lib/arm-linux-gnueabihf/librt-2.19.so
75d40000-75d4f000 ---p 00006000 b3:02 1958       /lib/arm-linux-gnueabihf/librt-2.19.so
75d4f000-75d50000 r--p 00005000 b3:02 1958       /lib/arm-linux-gnueabihf/librt-2.19.so
75d50000-75d51000 rw-p 00006000 b3:02 1958       /lib/arm-linux-gnueabihf/librt-2.19.so
75d51000-75d55000 ---p 00000000 00:00 0 
75d55000-766f1000 rwxp 00000000 00:00 0          [stack:2476]
766f1000-7670e000 r-xp 00000000 b3:02 1908       /lib/arm-linux-gnueabihf/libgcc_s.so.1
7670e000-7671d000 ---p 0001d000 b3:02 1908       /lib/arm-linux-gnueabihf/libgcc_s.so.1
7671d000-7671e000 rw-p 0001c000 b3:02 1908       /lib/arm-linux-gnueabihf/libgcc_s.so.1
7671e000-76787000 r-xp 00000000 b3:02 1921       /lib/arm-linux-gnueabihf/libm-2.19.so
76787000-76797000 ---p 00069000 b3:02 1921       /lib/arm-linux-gnueabihf/libm-2.19.so
76797000-76798000 r--p 00069000 b3:02 1921       /lib/arm-linux-gnueabihf/libm-2.19.so
76798000-76799000 rw-p 0006a000 b3:02 1921       /lib/arm-linux-gnueabihf/libm-2.19.so
76799000-7685a000 r-xp 00000000 b3:02 9902       /usr/lib/arm-linux-gnueabihf/libstdc++.so.6.0.20
7685a000-76869000 ---p 000c1000 b3:02 9902       /usr/lib/arm-linux-gnueabihf/libstdc++.so.6.0.20
76869000-7686d000 r--p 000c0000 b3:02 9902       /usr/lib/arm-linux-gnueabihf/libstdc++.so.6.0.20
7686d000-7686f000 rw-p 000c4000 b3:02 9902       /usr/lib/arm-linux-gnueabihf/libstdc++.so.6.0.20
7686f000-76875000 rw-p 00000000 00:00 0 
76875000-76d04000 r-xp 00000000 b3:02 127125     /usr/lib/jvm/java-7-openjdk-armhf/jre/lib/arm/server/libjvm.so
76d04000-76d14000 ---p 0048f000 b3:02 127125     /usr/lib/jvm/java-7-openjdk-armhf/jre/lib/arm/server/libjvm.so
76d14000-76d23000 r--p 0048f000 b3:02 127125     /usr/lib/jvm/java-7-openjdk-armhf/jre/lib/arm/server/libjvm.so
76d23000-76d34000 rw-p 0049e000 b3:02 127125     /usr/lib/jvm/java-7-openjdk-armhf/jre/lib/arm/server/libjvm.so
76d34000-76d90000 rw-p 00000000 00:00 0 
76d90000-76da6000 r-xp 00000000 b3:02 1976       /lib/arm-linux-gnueabihf/libz.so.1.2.8
76da6000-76db5000 ---p 00016000 b3:02 1976       /lib/arm-linux-gnueabihf/libz.so.1.2.8
76db5000-76db6000 r--p 00015000 b3:02 1976       /lib/arm-linux-gnueabihf/libz.so.1.2.8
76db6000-76db7000 rw-p 00016000 b3:02 1976       /lib/arm-linux-gnueabihf/libz.so.1.2.8
76db7000-76ee2000 r-xp 00000000 b3:02 1895       /lib/arm-linux-gnueabihf/libc-2.19.so
76ee2000-76ef2000 ---p 0012b000 b3:02 1895       /lib/arm-linux-gnueabihf/libc-2.19.so
76ef2000-76ef4000 r--p 0012b000 b3:02 1895       /lib/arm-linux-gnueabihf/libc-2.19.so
76ef4000-76ef5000 rw-p 0012d000 b3:02 1895       /lib/arm-linux-gnueabihf/libc-2.19.so
76ef5000-76ef8000 rw-p 00000000 00:00 0 
76ef8000-76efa000 r-xp 00000000 b3:02 1903       /lib/arm-linux-gnueabihf/libdl-2.19.so
76efa000-76f09000 ---p 00002000 b3:02 1903       /lib/arm-linux-gnueabihf/libdl-2.19.so
76f09000-76f0a000 r--p 00001000 b3:02 1903       /lib/arm-linux-gnueabihf/libdl-2.19.so
76f0a000-76f0b000 rw-p 00002000 b3:02 1903       /lib/arm-linux-gnueabihf/libdl-2.19.so
76f0b000-76f17000 r-xp 00000000 b3:02 127121     /usr/lib/jvm/java-7-openjdk-armhf/jre/lib/arm/jli/libjli.so
76f17000-76f27000 ---p 0000c000 b3:02 127121     /usr/lib/jvm/java-7-openjdk-armhf/jre/lib/arm/jli/libjli.so
76f27000-76f28000 r--p 0000c000 b3:02 127121     /usr/lib/jvm/java-7-openjdk-armhf/jre/lib/arm/jli/libjli.so
76f28000-76f29000 rw-p 0000d000 b3:02 127121     /usr/lib/jvm/java-7-openjdk-armhf/jre/lib/arm/jli/libjli.so
76f29000-76f3d000 r-xp 00000000 b3:02 1955       /lib/arm-linux-gnueabihf/libpthread-2.19.so
76f3d000-76f4d000 ---p 00014000 b3:02 1955       /lib/arm-linux-gnueabihf/libpthread-2.19.so
76f4d000-76f4e000 r--p 00014000 b3:02 1955       /lib/arm-linux-gnueabihf/libpthread-2.19.so
76f4e000-76f4f000 rw-p 00015000 b3:02 1955       /lib/arm-linux-gnueabihf/libpthread-2.19.so
76f4f000-76f51000 rw-p 00000000 00:00 0 
76f53000-76f54000 r--s 00000000 fe:01 131800     /opt/ext2/team5181-vision/vision/Server/build/jar/PiMain.jar
76f54000-76f57000 r--s 00087000 b3:02 127113     /usr/lib/jvm/java-7-openjdk-armhf/jre/lib/ext/localedata.jar
76f57000-76f5b000 r--s 0003c000 b3:02 127111     /usr/lib/jvm/java-7-openjdk-armhf/jre/lib/ext/sunpkcs11.jar
76f5b000-76f5c000 r--s 00002000 b3:02 127112     /usr/lib/jvm/java-7-openjdk-armhf/jre/lib/ext/dnsns.jar
76f5c000-76f5e000 r--s 00006000 b3:02 125893     /usr/share/java/java-atk-wrapper.jar
76f5e000-76f5f000 r--s 00012000 b3:02 127115     /usr/lib/jvm/java-7-openjdk-armhf/jre/lib/ext/zipfs.jar
76f5f000-76f62000 r--s 0000f000 b3:02 127116     /usr/lib/jvm/java-7-openjdk-armhf/jre/lib/ext/icedtea-sound.jar
76f62000-76f67000 r-xp 00000000 b3:02 9802       /usr/lib/arm-linux-gnueabihf/libarmmem.so
76f67000-76f76000 ---p 00005000 b3:02 9802       /usr/lib/arm-linux-gnueabihf/libarmmem.so
76f76000-76f77000 rw-p 00004000 b3:02 9802       /usr/lib/arm-linux-gnueabihf/libarmmem.so
76f77000-76f97000 r-xp 00000000 b3:02 1860       /lib/arm-linux-gnueabihf/ld-2.19.so
76f97000-76f9f000 rw-s 00000000 b3:02 253133     /tmp/hsperfdata_root/2471
76f9f000-76fa0000 rw-p 00000000 00:00 0 
76fa0000-76fa1000 r--p 00000000 00:00 0 
76fa1000-76fa6000 rw-p 00000000 00:00 0 
76fa6000-76fa7000 r--p 0001f000 b3:02 1860       /lib/arm-linux-gnueabihf/ld-2.19.so
76fa7000-76fa8000 rw-p 00020000 b3:02 1860       /lib/arm-linux-gnueabihf/ld-2.19.so
7ed44000-7ed65000 rwxp 00000000 00:00 0          [stack]
7ee71000-7ee72000 r-xp 00000000 00:00 0          [sigpage]
7ee72000-7ee73000 r--p 00000000 00:00 0          [vvar]
7ee73000-7ee74000 r-xp 00000000 00:00 0          [vdso]
ffff0000-ffff1000 r-xp 00000000 00:00 0          [vectors]

VM Arguments:
jvm_args: -Djava.library.path=/usr/local/share/OpenCV/java 
java_command: server.PiMain
Launcher Type: SUN_STANDARD

Environment Variables:
PATH=/usr/local/sbin:/usr/local/bin:/usr/sbin:/usr/bin:/sbin:/bin
USERNAME=root
SHELL=/bin/bash

Signal Handlers:
SIGSEGV: [libjvm.so+0x439688], sa_mask[0]=0x7ffbfeff, sa_flags=0x10000004
SIGBUS: [libjvm.so+0x439688], sa_mask[0]=0x7ffbfeff, sa_flags=0x10000004
SIGFPE: [libjvm.so+0x362fdc], sa_mask[0]=0x7ffbfeff, sa_flags=0x10000004
SIGPIPE: [libjvm.so+0x362fdc], sa_mask[0]=0x7ffbfeff, sa_flags=0x10000004
SIGXFSZ: [libjvm.so+0x362fdc], sa_mask[0]=0x7ffbfeff, sa_flags=0x10000004
SIGILL: [libjvm.so+0x362fdc], sa_mask[0]=0x7ffbfeff, sa_flags=0x10000004
SIGUSR1: SIG_DFL, sa_mask[0]=0x00000000, sa_flags=0x00000000
SIGUSR2: [libjvm.so+0x362e54], sa_mask[0]=0x00000004, sa_flags=0x10000004
SIGHUP: [libjvm.so+0x36305c], sa_mask[0]=0x7ffbfeff, sa_flags=0x10000004
SIGINT: [libjvm.so+0x36305c], sa_mask[0]=0x7ffbfeff, sa_flags=0x10000004
SIGTERM: [libjvm.so+0x36305c], sa_mask[0]=0x7ffbfeff, sa_flags=0x10000004
SIGQUIT: [libjvm.so+0x36305c], sa_mask[0]=0x7ffbfeff, sa_flags=0x10000004
SIGTRAP: SIG_DFL, sa_mask[0]=0x00000000, sa_flags=0x00000000


---------------  S Y S T E M  ---------------

OS:8.0

uname:Linux 4.1.17-v7+ #838 SMP Tue Feb 9 13:15:09 GMT 2016 armv7l
libc:glibc 2.19 NPTL 2.19 
rlimit: STACK 8192k, CORE 0k, NPROC 7339, NOFILE 65536, AS infinity
load average:0.17 0.11 0.10

/proc/meminfo:
MemTotal:         948140 kB
MemFree:          729844 kB
MemAvailable:     835556 kB
Buffers:           35052 kB
Cached:            93936 kB
SwapCached:            0 kB
Active:           141500 kB
Inactive:          51216 kB
Active(anon):      63956 kB
Inactive(anon):     6076 kB
Active(file):      77544 kB
Inactive(file):    45140 kB
Unevictable:           0 kB
Mlocked:               0 kB
SwapTotal:        102396 kB
SwapFree:         102396 kB
Dirty:               236 kB
Writeback:             0 kB
AnonPages:         63800 kB
Mapped:            32964 kB
Shmem:              6312 kB
Slab:              13628 kB
SReclaimable:       7016 kB
SUnreclaim:         6612 kB
KernelStack:        1000 kB
PageTables:         1428 kB
NFS_Unstable:          0 kB
Bounce:                0 kB
WritebackTmp:          0 kB
CommitLimit:      576464 kB
Committed_AS:     204972 kB
VmallocTotal:    1105920 kB
VmallocUsed:        1180 kB
VmallocChunk:     901356 kB
CmaTotal:           8192 kB
CmaFree:            3736 kB


CPU:total 4 

/proc/cpuinfo:
processor	: 0
model name	: ARMv7 Processor rev 5 (v7l)
BogoMIPS	: 57.60
Features	: half thumb fastmult vfp edsp neon vfpv3 tls vfpv4 idiva idivt vfpd32 lpae evtstrm 
CPU implementer	: 0x41
CPU architecture: 7
CPU variant	: 0x0
CPU part	: 0xc07
CPU revision	: 5

processor	: 1
model name	: ARMv7 Processor rev 5 (v7l)
BogoMIPS	: 57.60
Features	: half thumb fastmult vfp edsp neon vfpv3 tls vfpv4 idiva idivt vfpd32 lpae evtstrm 
CPU implementer	: 0x41
CPU architecture: 7
CPU variant	: 0x0
CPU part	: 0xc07
CPU revision	: 5

processor	: 2
model name	: ARMv7 Processor rev 5 (v7l)
BogoMIPS	: 57.60
Features	: half thumb fastmult vfp edsp neon vfpv3 tls vfpv4 idiva idivt vfpd32 lpae evtstrm 
CPU implementer	: 0x41
CPU architecture: 7
CPU variant	: 0x0
CPU part	: 0xc07
CPU revision	: 5

processor	: 3
model name	: ARMv7 Processor rev 5 (v7l)
BogoMIPS	: 57.60
Features	: half thumb fastmult vfp edsp neon vfpv3 tls vfpv4 idiva idivt vfpd32 lpae evtstrm 
CPU implementer	: 0x41
CPU architecture: 7
CPU variant	: 0x0
CPU part	: 0xc07
CPU revision	: 5

Hardware	: BCM2709
Revision	: a21041
Serial		: 00000000914e2cf2


Memory: 4k page, physical 948140k(729844k free), swap 102396k(102396k free)

vm_info: OpenJDK Zero VM (24.95-b01) for linux-arm-vfp JRE (1.7.0_95-b00), built on Jan 28 2016 19:18:42 by "autoforwardporter" with gcc 4.9.2

time: Mon Feb 29 12:38:14 2016
elapsed time: 0 seconds

